mode: set
osdrv/protoquery/coalesce.go:9.34,11.2 1 1
osdrv/protoquery/coalesce.go:13.36,15.2 1 1
osdrv/protoquery/coalesce.go:17.40,19.2 1 1
osdrv/protoquery/coalesce.go:21.72,22.18 1 1
osdrv/protoquery/coalesce.go:23.14,24.15 1 1
osdrv/protoquery/coalesce.go:25.32,26.18 1 1
osdrv/protoquery/coalesce.go:27.31,28.35 1 0
osdrv/protoquery/coalesce.go:29.11,30.21 1 0
osdrv/protoquery/coalesce.go:32.14,33.15 1 0
osdrv/protoquery/coalesce.go:34.32,35.35 1 0
osdrv/protoquery/coalesce.go:36.31,37.18 1 0
osdrv/protoquery/coalesce.go:38.11,39.21 1 0
osdrv/protoquery/coalesce.go:41.11,42.15 1 0
osdrv/protoquery/coalesce.go:43.83,44.31 1 0
osdrv/protoquery/coalesce.go:45.83,46.31 1 0
osdrv/protoquery/coalesce.go:47.58,48.32 1 0
osdrv/protoquery/coalesce.go:49.58,50.32 1 0
osdrv/protoquery/coalesce.go:51.11,52.21 1 0
osdrv/protoquery/coalesce.go:54.13,55.15 1 0
osdrv/protoquery/coalesce.go:56.83,57.33 1 0
osdrv/protoquery/coalesce.go:58.83,59.33 1 0
osdrv/protoquery/coalesce.go:60.58,61.34 1 0
osdrv/protoquery/coalesce.go:62.58,63.34 1 0
osdrv/protoquery/coalesce.go:64.11,65.21 1 0
osdrv/protoquery/coalesce.go:67.13,68.15 1 1
osdrv/protoquery/coalesce.go:69.83,70.33 1 0
osdrv/protoquery/coalesce.go:71.83,72.33 1 0
osdrv/protoquery/coalesce.go:73.58,74.34 1 0
osdrv/protoquery/coalesce.go:75.58,76.34 1 0
osdrv/protoquery/coalesce.go:77.11,78.21 1 1
osdrv/protoquery/coalesce.go:80.12,81.15 1 0
osdrv/protoquery/coalesce.go:82.83,83.32 1 0
osdrv/protoquery/coalesce.go:84.83,85.32 1 0
osdrv/protoquery/coalesce.go:86.58,87.33 1 0
osdrv/protoquery/coalesce.go:88.58,89.33 1 0
osdrv/protoquery/coalesce.go:90.11,91.21 1 0
osdrv/protoquery/coalesce.go:93.14,94.15 1 0
osdrv/protoquery/coalesce.go:95.83,96.34 1 0
osdrv/protoquery/coalesce.go:97.83,98.34 1 0
osdrv/protoquery/coalesce.go:99.58,100.35 1 0
osdrv/protoquery/coalesce.go:101.58,102.35 1 0
osdrv/protoquery/coalesce.go:103.11,104.21 1 0
osdrv/protoquery/coalesce.go:106.14,107.15 1 0
osdrv/protoquery/coalesce.go:108.83,109.34 1 0
osdrv/protoquery/coalesce.go:110.83,111.34 1 0
osdrv/protoquery/coalesce.go:112.58,113.35 1 0
osdrv/protoquery/coalesce.go:114.58,115.35 1 0
osdrv/protoquery/coalesce.go:116.11,117.21 1 0
osdrv/protoquery/coalesce.go:120.10,121.20 1 0
osdrv/protoquery/compiler.go:24.63,26.2 1 1
osdrv/protoquery/compiler.go:28.70,29.29 1 1
osdrv/protoquery/compiler.go:29.29,30.35 1 1
osdrv/protoquery/compiler.go:30.35,32.4 1 1
osdrv/protoquery/compiler.go:34.2,34.14 1 1
osdrv/protoquery/compiler.go:37.81,39.40 2 1
osdrv/protoquery/compiler.go:39.40,41.3 1 0
osdrv/protoquery/compiler.go:42.2,44.21 3 1
osdrv/protoquery/compiler.go:47.79,50.44 3 1
osdrv/protoquery/compiler.go:50.44,52.3 1 0
osdrv/protoquery/compiler.go:53.2,55.16 3 1
osdrv/protoquery/compiler.go:55.16,57.3 1 1
osdrv/protoquery/compiler.go:58.2,58.44 1 1
osdrv/protoquery/compiler.go:58.44,60.3 1 0
osdrv/protoquery/compiler.go:61.2,64.12 2 1
osdrv/protoquery/compiler.go:67.51,70.23 3 1
osdrv/protoquery/compiler.go:70.23,72.26 2 1
osdrv/protoquery/compiler.go:73.19,74.22 1 1
osdrv/protoquery/compiler.go:74.22,77.13 2 1
osdrv/protoquery/compiler.go:79.4,80.43 2 1
osdrv/protoquery/compiler.go:81.24,83.8 2 1
osdrv/protoquery/compiler.go:84.18,87.18 3 1
osdrv/protoquery/compiler.go:87.18,89.5 1 0
osdrv/protoquery/compiler.go:90.4,90.29 1 1
osdrv/protoquery/compiler.go:91.22,94.18 3 1
osdrv/protoquery/compiler.go:94.18,96.5 1 1
osdrv/protoquery/compiler.go:97.4,97.29 1 1
osdrv/protoquery/compiler.go:98.11,99.87 1 0
osdrv/protoquery/compiler.go:102.2,102.19 1 1
osdrv/protoquery/compiler.go:105.74,107.2 1 1
osdrv/protoquery/compiler.go:109.84,113.16 4 1
osdrv/protoquery/compiler.go:113.16,115.3 1 0
osdrv/protoquery/compiler.go:116.2,116.119 1 1
osdrv/protoquery/compiler.go:116.119,118.10 2 1
osdrv/protoquery/compiler.go:118.10,120.4 1 0
osdrv/protoquery/compiler.go:121.3,124.17 4 1
osdrv/protoquery/compiler.go:124.17,126.4 1 1
osdrv/protoquery/compiler.go:127.3,131.4 1 1
osdrv/protoquery/compiler.go:133.2,133.22 1 1
osdrv/protoquery/compiler.go:136.82,140.16 4 1
osdrv/protoquery/compiler.go:140.16,142.3 1 1
osdrv/protoquery/compiler.go:143.2,143.74 1 1
osdrv/protoquery/compiler.go:143.74,145.10 2 1
osdrv/protoquery/compiler.go:145.10,147.4 1 0
osdrv/protoquery/compiler.go:148.3,151.17 4 1
osdrv/protoquery/compiler.go:151.17,153.4 1 0
osdrv/protoquery/compiler.go:154.3,158.4 1 1
osdrv/protoquery/compiler.go:160.2,160.22 1 1
osdrv/protoquery/compiler.go:163.82,167.16 4 1
osdrv/protoquery/compiler.go:167.16,169.3 1 1
osdrv/protoquery/compiler.go:170.2,170.55 1 1
osdrv/protoquery/compiler.go:170.55,172.10 2 1
osdrv/protoquery/compiler.go:172.10,174.4 1 0
osdrv/protoquery/compiler.go:175.3,178.17 4 1
osdrv/protoquery/compiler.go:178.17,180.4 1 0
osdrv/protoquery/compiler.go:181.3,185.4 1 1
osdrv/protoquery/compiler.go:187.2,187.22 1 1
osdrv/protoquery/compiler.go:190.84,193.25 3 1
osdrv/protoquery/compiler.go:194.15,195.56 1 1
osdrv/protoquery/compiler.go:196.17,197.60 1 1
osdrv/protoquery/compiler.go:198.40,199.53 1 1
osdrv/protoquery/compiler.go:200.52,201.55 1 1
osdrv/protoquery/compiler.go:202.19,205.17 3 1
osdrv/protoquery/compiler.go:205.17,207.4 1 0
osdrv/protoquery/compiler.go:208.3,208.43 1 1
osdrv/protoquery/compiler.go:208.43,210.4 1 0
osdrv/protoquery/compiler.go:211.3,211.7 1 1
osdrv/protoquery/compiler.go:212.10,213.70 1 1
osdrv/protoquery/compiler.go:216.2,216.22 1 1
osdrv/protoquery/compiler.go:219.81,220.78 1 1
osdrv/protoquery/compiler.go:220.78,222.3 1 0
osdrv/protoquery/compiler.go:223.2,226.25 4 1
osdrv/protoquery/compiler.go:227.19,227.19 0 1
osdrv/protoquery/compiler.go:228.16,230.17 2 1
osdrv/protoquery/compiler.go:230.17,232.4 1 0
osdrv/protoquery/compiler.go:233.3,234.16 2 1
osdrv/protoquery/compiler.go:235.18,237.17 2 0
osdrv/protoquery/compiler.go:237.17,239.4 1 0
osdrv/protoquery/compiler.go:240.3,241.18 2 0
osdrv/protoquery/compiler.go:242.17,244.17 2 1
osdrv/protoquery/compiler.go:244.17,246.4 1 0
osdrv/protoquery/compiler.go:247.3,248.17 2 1
osdrv/protoquery/compiler.go:249.10,250.90 1 0
osdrv/protoquery/compiler.go:252.2,255.16 1 1
osdrv/protoquery/compiler.go:258.82,259.38 1 1
osdrv/protoquery/compiler.go:259.38,261.3 1 0
osdrv/protoquery/compiler.go:262.2,263.54 2 1
osdrv/protoquery/compiler.go:263.54,265.3 1 0
osdrv/protoquery/compiler.go:266.2,268.16 1 1
osdrv/protoquery/compiler.go:271.86,272.40 1 1
osdrv/protoquery/compiler.go:272.40,274.3 1 0
osdrv/protoquery/compiler.go:275.2,277.42 3 1
osdrv/protoquery/compiler.go:277.42,279.3 1 0
osdrv/protoquery/compiler.go:280.2,282.23 3 1
osdrv/protoquery/compiler.go:282.23,283.42 1 1
osdrv/protoquery/compiler.go:283.42,284.9 1 1
osdrv/protoquery/compiler.go:286.3,289.17 4 1
osdrv/protoquery/compiler.go:289.17,291.4 1 0
osdrv/protoquery/compiler.go:292.3,293.42 2 1
osdrv/protoquery/compiler.go:293.42,294.9 1 1
osdrv/protoquery/compiler.go:296.3,296.7 1 1
osdrv/protoquery/compiler.go:298.2,298.42 1 1
osdrv/protoquery/compiler.go:298.42,300.3 1 0
osdrv/protoquery/compiler.go:301.2,304.16 1 1
osdrv/protoquery/compiler.go:307.79,309.25 2 1
osdrv/protoquery/compiler.go:310.17,311.13 1 1
osdrv/protoquery/compiler.go:312.17,313.14 1 1
osdrv/protoquery/compiler.go:314.18,315.15 1 1
osdrv/protoquery/compiler.go:316.10,317.90 1 0
osdrv/protoquery/compiler.go:319.2,323.16 5 1
osdrv/protoquery/compiler.go:323.16,325.3 1 0
osdrv/protoquery/compiler.go:326.2,329.12 1 1
osdrv/protoquery/eval_context.go:5.49,6.31 1 1
osdrv/protoquery/eval_context.go:6.31,8.3 1 1
osdrv/protoquery/eval_context.go:11.51,12.31 1 1
osdrv/protoquery/eval_context.go:12.31,14.3 1 1
osdrv/protoquery/eval_context.go:42.63,47.27 2 1
osdrv/protoquery/eval_context.go:47.27,49.3 1 1
osdrv/protoquery/eval_context.go:50.2,50.12 1 1
osdrv/protoquery/eval_context.go:55.40,57.2 1 1
osdrv/protoquery/eval_context.go:59.52,61.2 1 1
osdrv/protoquery/eval_context.go:63.66,65.2 1 1
osdrv/protoquery/eval_context.go:74.88,79.2 1 1
osdrv/protoquery/eval_context.go:81.48,83.2 1 1
osdrv/protoquery/eval_context.go:85.73,90.2 1 1
osdrv/protoquery/expression.go:60.73,62.2 1 1
osdrv/protoquery/expression.go:67.64,69.12 2 1
osdrv/protoquery/expression.go:69.12,71.6 1 0
osdrv/protoquery/expression.go:72.5,72.27 1 1
osdrv/protoquery/expression.go:77.64,79.12 2 1
osdrv/protoquery/expression.go:79.12,81.6 1 1
osdrv/protoquery/expression.go:82.5,82.29 1 1
osdrv/protoquery/expression.go:100.55,105.2 1 1
osdrv/protoquery/expression.go:109.54,110.15 1 1
osdrv/protoquery/expression.go:111.16,112.29 1 1
osdrv/protoquery/expression.go:113.18,114.31 1 1
osdrv/protoquery/expression.go:115.15,117.17 2 1
osdrv/protoquery/expression.go:117.17,119.4 1 0
osdrv/protoquery/expression.go:120.3,120.19 1 1
osdrv/protoquery/expression.go:121.17,123.17 2 1
osdrv/protoquery/expression.go:123.17,125.4 1 0
osdrv/protoquery/expression.go:126.3,126.21 1 1
osdrv/protoquery/expression.go:127.10,128.51 1 0
osdrv/protoquery/expression.go:132.55,134.2 1 1
osdrv/protoquery/expression.go:136.39,138.2 1 0
osdrv/protoquery/expression.go:146.49,150.2 1 0
osdrv/protoquery/expression.go:156.59,159.9 2 1
osdrv/protoquery/expression.go:159.9,161.3 1 0
osdrv/protoquery/expression.go:162.2,163.15 2 1
osdrv/protoquery/expression.go:163.15,164.32 1 1
osdrv/protoquery/expression.go:164.32,166.4 1 1
osdrv/protoquery/expression.go:167.3,167.18 1 1
osdrv/protoquery/expression.go:167.18,169.4 1 1
osdrv/protoquery/expression.go:169.9,169.38 1 1
osdrv/protoquery/expression.go:169.38,171.4 1 1
osdrv/protoquery/expression.go:173.2,173.24 1 1
osdrv/protoquery/expression.go:176.60,177.31 1 1
osdrv/protoquery/expression.go:177.31,179.3 1 1
osdrv/protoquery/expression.go:182.2,183.9 2 1
osdrv/protoquery/expression.go:183.9,185.3 1 0
osdrv/protoquery/expression.go:186.2,187.9 2 1
osdrv/protoquery/expression.go:187.9,189.3 1 0
osdrv/protoquery/expression.go:190.2,190.19 1 1
osdrv/protoquery/expression.go:191.29,192.23 1 1
osdrv/protoquery/expression.go:193.31,194.25 1 1
osdrv/protoquery/expression.go:196.52,197.22 1 1
osdrv/protoquery/expression.go:198.55,199.24 1 1
osdrv/protoquery/expression.go:201.2,201.68 1 0
osdrv/protoquery/expression.go:204.40,206.2 1 0
osdrv/protoquery/expression.go:216.87,218.9 2 0
osdrv/protoquery/expression.go:218.9,220.3 1 0
osdrv/protoquery/expression.go:221.2,225.8 1 0
osdrv/protoquery/expression.go:228.63,230.9 2 1
osdrv/protoquery/expression.go:230.9,232.3 1 0
osdrv/protoquery/expression.go:233.2,233.34 1 1
osdrv/protoquery/expression.go:236.60,238.2 1 1
osdrv/protoquery/expression.go:240.44,244.29 4 0
osdrv/protoquery/expression.go:244.29,245.12 1 0
osdrv/protoquery/expression.go:245.12,247.4 1 0
osdrv/protoquery/expression.go:248.3,248.30 1 0
osdrv/protoquery/expression.go:250.2,251.19 2 0
osdrv/protoquery/expression.go:261.69,266.2 1 0
osdrv/protoquery/expression.go:268.56,269.14 1 1
osdrv/protoquery/expression.go:270.23,272.22 2 1
osdrv/protoquery/expression.go:272.22,274.4 1 1
osdrv/protoquery/expression.go:275.3,276.17 2 1
osdrv/protoquery/expression.go:276.17,278.4 1 0
osdrv/protoquery/expression.go:279.3,279.21 1 1
osdrv/protoquery/expression.go:279.21,281.4 1 0
osdrv/protoquery/expression.go:282.3,283.17 2 1
osdrv/protoquery/expression.go:283.17,285.4 1 0
osdrv/protoquery/expression.go:286.3,287.17 2 1
osdrv/protoquery/expression.go:287.17,289.4 1 0
osdrv/protoquery/expression.go:290.3,290.23 1 1
osdrv/protoquery/expression.go:291.13,293.17 2 1
osdrv/protoquery/expression.go:293.17,295.4 1 0
osdrv/protoquery/expression.go:296.3,296.22 1 1
osdrv/protoquery/expression.go:296.22,298.4 1 0
osdrv/protoquery/expression.go:299.3,300.17 2 1
osdrv/protoquery/expression.go:300.17,302.4 1 0
osdrv/protoquery/expression.go:303.3,303.24 1 1
osdrv/protoquery/expression.go:304.10,305.54 1 0
osdrv/protoquery/expression.go:309.57,310.14 1 0
osdrv/protoquery/expression.go:311.23,312.22 1 0
osdrv/protoquery/expression.go:313.13,314.23 1 0
osdrv/protoquery/expression.go:315.10,316.62 1 0
osdrv/protoquery/expression.go:320.37,322.2 1 0
osdrv/protoquery/expression.go:329.95,335.2 1 0
osdrv/protoquery/expression.go:339.38,340.12 1 1
osdrv/protoquery/expression.go:340.12,342.3 1 1
osdrv/protoquery/expression.go:344.2,344.11 1 1
osdrv/protoquery/expression.go:344.11,346.3 1 1
osdrv/protoquery/expression.go:347.2,347.36 1 1
osdrv/protoquery/expression.go:347.36,349.3 1 1
osdrv/protoquery/expression.go:351.2,351.14 1 1
osdrv/protoquery/expression.go:354.57,356.17 2 1
osdrv/protoquery/expression.go:356.17,358.3 1 0
osdrv/protoquery/expression.go:359.2,360.17 2 1
osdrv/protoquery/expression.go:360.17,362.3 1 0
osdrv/protoquery/expression.go:363.2,363.34 1 1
osdrv/protoquery/expression.go:363.34,365.3 1 1
osdrv/protoquery/expression.go:366.2,366.14 1 1
osdrv/protoquery/expression.go:367.18,368.15 1 1
osdrv/protoquery/expression.go:369.27,370.80 1 1
osdrv/protoquery/expression.go:371.19,372.79 1 1
osdrv/protoquery/expression.go:373.17,374.77 1 1
osdrv/protoquery/expression.go:375.11,376.66 1 0
osdrv/protoquery/expression.go:378.38,379.15 1 1
osdrv/protoquery/expression.go:380.27,381.53 1 1
osdrv/protoquery/expression.go:382.19,383.52 1 1
osdrv/protoquery/expression.go:384.11,385.73 1 0
osdrv/protoquery/expression.go:387.29,388.52 1 1
osdrv/protoquery/expression.go:389.19,390.49 1 1
osdrv/protoquery/expression.go:391.10,392.54 1 0
osdrv/protoquery/expression.go:396.58,397.14 1 1
osdrv/protoquery/expression.go:398.55,399.23 1 1
osdrv/protoquery/expression.go:400.10,402.26 1 1
osdrv/protoquery/expression.go:406.38,408.2 1 0
osdrv/protoquery/expression.go:410.81,412.17 2 1
osdrv/protoquery/expression.go:412.17,414.3 1 0
osdrv/protoquery/expression.go:415.2,415.42 1 1
osdrv/protoquery/expression.go:415.42,417.3 1 1
osdrv/protoquery/expression.go:418.2,419.17 2 1
osdrv/protoquery/expression.go:419.17,421.3 1 0
osdrv/protoquery/expression.go:422.2,422.42 1 1
osdrv/protoquery/expression.go:422.42,424.3 1 0
osdrv/protoquery/expression.go:425.2,426.16 2 1
osdrv/protoquery/expression.go:426.16,428.3 1 1
osdrv/protoquery/expression.go:429.2,430.16 2 1
osdrv/protoquery/expression.go:430.16,432.3 1 0
osdrv/protoquery/expression.go:434.2,434.18 1 1
osdrv/protoquery/expression.go:434.18,435.22 1 1
osdrv/protoquery/expression.go:435.22,438.4 2 0
osdrv/protoquery/expression.go:439.3,439.22 1 1
osdrv/protoquery/expression.go:439.22,442.4 2 1
osdrv/protoquery/expression.go:444.2,444.21 1 1
osdrv/protoquery/expression.go:444.21,446.18 2 1
osdrv/protoquery/expression.go:446.18,448.4 1 0
osdrv/protoquery/expression.go:449.3,450.18 2 1
osdrv/protoquery/expression.go:450.18,452.4 1 0
osdrv/protoquery/expression.go:453.3,453.13 1 1
osdrv/protoquery/expression.go:454.15,455.23 1 1
osdrv/protoquery/expression.go:456.16,457.23 1 1
osdrv/protoquery/expression.go:458.14,459.23 1 1
osdrv/protoquery/expression.go:460.14,461.23 1 1
osdrv/protoquery/expression.go:462.13,463.24 1 1
osdrv/protoquery/expression.go:464.13,465.24 1 1
osdrv/protoquery/expression.go:466.13,467.23 1 1
osdrv/protoquery/expression.go:468.13,469.24 1 1
osdrv/protoquery/expression.go:470.13,471.23 1 1
osdrv/protoquery/expression.go:472.13,473.24 1 1
osdrv/protoquery/expression.go:474.11,475.53 1 0
osdrv/protoquery/expression.go:477.8,477.30 1 1
osdrv/protoquery/expression.go:477.30,479.18 2 1
osdrv/protoquery/expression.go:479.18,481.4 1 0
osdrv/protoquery/expression.go:482.3,483.18 2 1
osdrv/protoquery/expression.go:483.18,485.4 1 0
osdrv/protoquery/expression.go:486.3,486.13 1 1
osdrv/protoquery/expression.go:487.15,488.23 1 1
osdrv/protoquery/expression.go:489.16,490.23 1 0
osdrv/protoquery/expression.go:491.14,492.23 1 0
osdrv/protoquery/expression.go:493.14,494.23 1 0
osdrv/protoquery/expression.go:495.13,496.24 1 0
osdrv/protoquery/expression.go:497.13,498.24 1 0
osdrv/protoquery/expression.go:499.13,500.23 1 1
osdrv/protoquery/expression.go:501.13,502.24 1 0
osdrv/protoquery/expression.go:503.13,504.23 1 1
osdrv/protoquery/expression.go:505.13,506.24 1 0
osdrv/protoquery/expression.go:507.11,508.53 1 0
osdrv/protoquery/expression.go:511.2,511.28 1 0
osdrv/protoquery/expression.go:514.80,516.17 2 1
osdrv/protoquery/expression.go:516.17,518.3 1 0
osdrv/protoquery/expression.go:519.2,519.24 1 1
osdrv/protoquery/expression.go:519.24,521.3 1 0
osdrv/protoquery/expression.go:522.2,523.16 2 1
osdrv/protoquery/expression.go:523.16,525.3 1 0
osdrv/protoquery/expression.go:526.2,527.16 2 1
osdrv/protoquery/expression.go:527.16,529.3 1 0
osdrv/protoquery/expression.go:530.2,530.12 1 1
osdrv/protoquery/expression.go:531.14,532.40 1 1
osdrv/protoquery/expression.go:533.12,534.41 1 1
osdrv/protoquery/expression.go:535.12,536.41 1 1
osdrv/protoquery/expression.go:537.12,538.40 1 1
osdrv/protoquery/expression.go:539.12,540.41 1 1
osdrv/protoquery/expression.go:541.12,542.40 1 1
osdrv/protoquery/expression.go:543.12,544.41 1 1
osdrv/protoquery/expression.go:545.10,546.52 1 0
osdrv/protoquery/expression.go:550.78,552.17 2 1
osdrv/protoquery/expression.go:552.17,554.3 1 0
osdrv/protoquery/expression.go:555.2,555.22 1 1
osdrv/protoquery/expression.go:555.22,557.3 1 0
osdrv/protoquery/expression.go:558.2,559.16 2 1
osdrv/protoquery/expression.go:559.16,561.3 1 0
osdrv/protoquery/expression.go:564.2,564.31 1 1
osdrv/protoquery/expression.go:564.31,566.3 1 0
osdrv/protoquery/expression.go:566.8,566.36 1 1
osdrv/protoquery/expression.go:566.36,568.3 1 1
osdrv/protoquery/expression.go:570.2,571.16 2 1
osdrv/protoquery/expression.go:571.16,573.3 1 0
osdrv/protoquery/expression.go:574.2,574.12 1 1
osdrv/protoquery/expression.go:575.13,576.37 1 1
osdrv/protoquery/expression.go:577.12,578.37 1 0
osdrv/protoquery/expression.go:579.12,580.37 1 1
osdrv/protoquery/expression.go:581.12,582.37 1 1
osdrv/protoquery/expression.go:583.10,584.52 1 0
osdrv/protoquery/expression.go:590.44,591.14 1 1
osdrv/protoquery/expression.go:591.14,593.3 1 0
osdrv/protoquery/expression.go:594.2,594.18 1 1
osdrv/protoquery/expression.go:595.21,596.14 1 1
osdrv/protoquery/expression.go:597.19,600.63 2 1
osdrv/protoquery/expression.go:601.10,602.15 1 1
osdrv/protoquery/log_utils.go:5.49,7.2 1 1
osdrv/protoquery/log_utils.go:9.49,10.37 1 0
osdrv/protoquery/protoquery.go:12.45,14.16 2 1
osdrv/protoquery/protoquery.go:14.16,16.3 1 0
osdrv/protoquery/protoquery.go:17.2,18.16 2 1
osdrv/protoquery/protoquery.go:18.16,20.3 1 0
osdrv/protoquery/protoquery.go:21.2,23.8 1 1
osdrv/protoquery/protoquery.go:33.52,35.32 2 1
osdrv/protoquery/protoquery.go:36.28,37.47 1 1
osdrv/protoquery/protoquery.go:38.25,40.35 2 1
osdrv/protoquery/protoquery.go:40.35,42.4 1 1
osdrv/protoquery/protoquery.go:43.10,45.37 1 1
osdrv/protoquery/protoquery.go:47.2,47.12 1 1
osdrv/protoquery/protoquery.go:50.65,52.17 2 1
osdrv/protoquery/protoquery.go:52.17,54.3 1 0
osdrv/protoquery/protoquery.go:55.2,60.21 3 1
osdrv/protoquery/protoquery.go:60.21,62.32 2 1
osdrv/protoquery/protoquery.go:62.32,64.12 2 1
osdrv/protoquery/protoquery.go:66.3,67.22 2 1
osdrv/protoquery/protoquery.go:68.26,74.6 2 1
osdrv/protoquery/protoquery.go:75.26,78.24 3 1
osdrv/protoquery/protoquery.go:78.24,79.48 1 1
osdrv/protoquery/protoquery.go:79.48,81.6 1 1
osdrv/protoquery/protoquery.go:82.10,84.5 1 1
osdrv/protoquery/protoquery.go:85.4,85.25 1 1
osdrv/protoquery/protoquery.go:85.25,86.21 1 1
osdrv/protoquery/protoquery.go:86.21,87.14 1 0
osdrv/protoquery/protoquery.go:89.5,91.12 3 1
osdrv/protoquery/protoquery.go:91.12,92.14 1 1
osdrv/protoquery/protoquery.go:94.5,98.7 1 1
osdrv/protoquery/protoquery.go:100.25,102.24 2 1
osdrv/protoquery/protoquery.go:102.24,116.19 6 1
osdrv/protoquery/protoquery.go:116.19,118.14 2 0
osdrv/protoquery/protoquery.go:120.5,120.16 1 1
osdrv/protoquery/protoquery.go:121.19,127.38 2 1
osdrv/protoquery/protoquery.go:127.38,134.21 3 1
osdrv/protoquery/protoquery.go:134.21,136.16 2 1
osdrv/protoquery/protoquery.go:138.7,139.21 2 1
osdrv/protoquery/protoquery.go:139.21,141.16 2 0
osdrv/protoquery/protoquery.go:143.7,143.15 1 1
osdrv/protoquery/protoquery.go:143.15,145.8 1 1
osdrv/protoquery/protoquery.go:147.6,147.22 1 1
osdrv/protoquery/protoquery.go:147.22,153.7 1 1
osdrv/protoquery/protoquery.go:154.18,156.20 2 1
osdrv/protoquery/protoquery.go:156.20,158.15 2 1
osdrv/protoquery/protoquery.go:160.6,161.20 2 1
osdrv/protoquery/protoquery.go:161.20,163.15 2 0
osdrv/protoquery/protoquery.go:165.6,165.44 1 1
osdrv/protoquery/protoquery.go:165.44,171.7 1 1
osdrv/protoquery/protoquery.go:172.13,174.14 2 0
osdrv/protoquery/protoquery.go:176.10,176.30 1 1
osdrv/protoquery/protoquery.go:176.30,180.19 4 1
osdrv/protoquery/protoquery.go:180.19,182.14 2 0
osdrv/protoquery/protoquery.go:184.5,184.26 1 1
osdrv/protoquery/protoquery.go:184.26,186.6 1 0
osdrv/protoquery/protoquery.go:186.11,187.52 1 1
osdrv/protoquery/protoquery.go:187.52,189.7 1 0
osdrv/protoquery/protoquery.go:190.6,193.13 4 1
osdrv/protoquery/protoquery.go:193.13,195.15 2 1
osdrv/protoquery/protoquery.go:198.5,200.20 3 1
osdrv/protoquery/protoquery.go:200.20,206.6 1 1
osdrv/protoquery/protoquery.go:207.10,207.32 1 1
osdrv/protoquery/protoquery.go:207.32,210.19 3 1
osdrv/protoquery/protoquery.go:210.19,212.14 2 0
osdrv/protoquery/protoquery.go:214.5,214.23 1 1
osdrv/protoquery/protoquery.go:214.23,216.14 2 0
osdrv/protoquery/protoquery.go:218.5,219.19 2 1
osdrv/protoquery/protoquery.go:219.19,221.14 2 0
osdrv/protoquery/protoquery.go:223.5,224.19 2 1
osdrv/protoquery/protoquery.go:224.19,226.14 2 0
osdrv/protoquery/protoquery.go:228.5,229.40 2 1
osdrv/protoquery/protoquery.go:229.40,236.6 1 1
osdrv/protoquery/protoquery.go:237.10,239.42 2 0
osdrv/protoquery/protoquery.go:241.11,242.63 1 0
osdrv/protoquery/protoquery.go:245.2,245.12 1 1
osdrv/protoquery/query.go:19.32,21.25 2 0
osdrv/protoquery/query.go:21.25,23.3 1 0
osdrv/protoquery/query.go:24.2,24.19 1 0
osdrv/protoquery/query.go:40.42,42.2 1 0
osdrv/protoquery/query.go:44.47,46.2 1 0
osdrv/protoquery/query.go:55.42,57.2 1 1
osdrv/protoquery/query.go:59.47,61.2 1 1
osdrv/protoquery/query.go:69.42,71.2 1 1
osdrv/protoquery/query.go:73.47,75.2 1 1
osdrv/protoquery/query.go:83.54,85.2 1 0
osdrv/protoquery/query.go:87.59,89.2 1 0
osdrv/protoquery/query.go:98.41,100.2 1 0
osdrv/protoquery/query.go:102.46,104.2 1 1
osdrv/protoquery/test_util.go:10.40,11.32 1 0
osdrv/protoquery/test_util.go:11.32,13.3 1 0
osdrv/protoquery/test_util.go:14.2,14.32 1 0
osdrv/protoquery/test_util.go:14.32,16.3 1 0
osdrv/protoquery/test_util.go:17.2,17.37 1 0
osdrv/protoquery/test_util.go:22.43,23.32 1 1
osdrv/protoquery/test_util.go:23.32,25.3 1 1
osdrv/protoquery/test_util.go:26.2,26.53 1 1
osdrv/protoquery/test_util.go:29.55,31.2 1 1
osdrv/protoquery/test_util.go:33.36,35.32 2 1
osdrv/protoquery/test_util.go:35.32,37.3 1 0
osdrv/protoquery/test_util.go:38.2,38.21 1 1
osdrv/protoquery/test_util.go:41.79,42.46 1 1
osdrv/protoquery/test_util.go:43.40,44.64 1 1
osdrv/protoquery/test_util.go:45.21,46.31 1 1
osdrv/protoquery/test_util.go:46.31,48.4 1 0
osdrv/protoquery/test_util.go:49.3,49.35 1 1
osdrv/protoquery/test_util.go:49.35,50.72 1 1
osdrv/protoquery/test_util.go:50.72,52.5 1 0
osdrv/protoquery/test_util.go:54.3,54.14 1 1
osdrv/protoquery/test_util.go:55.19,56.31 1 0
osdrv/protoquery/test_util.go:56.31,58.4 1 0
osdrv/protoquery/test_util.go:59.3,59.38 1 0
osdrv/protoquery/test_util.go:59.38,60.82 1 0
osdrv/protoquery/test_util.go:60.82,62.5 1 0
osdrv/protoquery/test_util.go:64.3,64.14 1 0
osdrv/protoquery/test_util.go:65.42,66.33 1 1
osdrv/protoquery/test_util.go:66.33,68.4 1 0
osdrv/protoquery/test_util.go:69.3,69.69 1 1
osdrv/protoquery/test_util.go:70.22,71.33 1 1
osdrv/protoquery/test_util.go:71.33,73.4 1 0
osdrv/protoquery/test_util.go:74.3,74.40 1 1
osdrv/protoquery/test_util.go:74.40,76.30 2 1
osdrv/protoquery/test_util.go:76.30,78.13 1 1
osdrv/protoquery/test_util.go:80.4,80.58 1 1
osdrv/protoquery/test_util.go:80.58,82.5 1 0
osdrv/protoquery/test_util.go:84.3,84.14 1 1
osdrv/protoquery/test_util.go:85.10,88.27 1 0
osdrv/protoquery/tmplist.go:12.62,17.2 1 1
osdrv/protoquery/tmplist.go:19.30,21.2 1 1
osdrv/protoquery/tmplist.go:23.50,25.2 1 1
osdrv/protoquery/tmplist.go:27.49,29.2 1 1
osdrv/protoquery/tmplist.go:31.53,33.2 1 0
osdrv/protoquery/tmplist.go:35.36,37.2 1 0
osdrv/protoquery/tmplist.go:39.55,43.2 3 0
osdrv/protoquery/tmplist.go:45.52,49.2 1 0
osdrv/protoquery/tmplist.go:51.35,54.2 1 0
osdrv/protoquery/token.go:49.52,51.2 1 1
osdrv/protoquery/token.go:53.33,54.16 1 0
osdrv/protoquery/token.go:55.19,56.38 1 0
osdrv/protoquery/token.go:57.10,58.17 1 0
osdrv/protoquery/token.go:62.43,63.24 1 1
osdrv/protoquery/token.go:63.24,65.3 1 0
osdrv/protoquery/token.go:66.2,67.16 2 1
osdrv/protoquery/token.go:67.16,69.3 1 0
osdrv/protoquery/token.go:70.2,70.16 1 1
osdrv/protoquery/token.go:73.47,74.26 1 0
osdrv/protoquery/token.go:74.26,76.3 1 0
osdrv/protoquery/token.go:77.2,78.16 2 0
osdrv/protoquery/token.go:78.16,80.3 1 0
osdrv/protoquery/token.go:81.2,81.16 1 0
osdrv/protoquery/token.go:84.43,85.25 1 1
osdrv/protoquery/token.go:85.25,87.3 1 0
osdrv/protoquery/token.go:88.2,88.35 1 1
osdrv/protoquery/tokenizer.go:8.37,10.2 1 1
osdrv/protoquery/tokenizer.go:12.37,14.2 1 1
osdrv/protoquery/tokenizer.go:16.55,19.54 3 1
osdrv/protoquery/tokenizer.go:19.54,20.19 1 1
osdrv/protoquery/tokenizer.go:20.19,22.4 1 1
osdrv/protoquery/tokenizer.go:23.3,23.7 1 1
osdrv/protoquery/tokenizer.go:25.2,25.29 1 1
osdrv/protoquery/tokenizer.go:28.47,30.74 2 1
osdrv/protoquery/tokenizer.go:30.74,32.3 1 1
osdrv/protoquery/tokenizer.go:33.2,33.24 1 1
osdrv/protoquery/tokenizer.go:36.49,38.2 1 1
osdrv/protoquery/tokenizer.go:40.56,41.25 1 1
osdrv/protoquery/tokenizer.go:41.25,42.23 1 1
osdrv/protoquery/tokenizer.go:42.23,44.4 1 1
osdrv/protoquery/tokenizer.go:46.2,46.14 1 1
osdrv/protoquery/tokenizer.go:49.42,51.2 1 1
osdrv/protoquery/tokenizer.go:53.42,54.26 1 1
osdrv/protoquery/tokenizer.go:54.26,56.3 1 1
osdrv/protoquery/tokenizer.go:57.2,57.11 1 1
osdrv/protoquery/tokenizer.go:67.57,70.22 3 1
osdrv/protoquery/tokenizer.go:70.22,72.30 2 1
osdrv/protoquery/tokenizer.go:72.30,74.4 1 1
osdrv/protoquery/tokenizer.go:74.9,74.42 1 1
osdrv/protoquery/tokenizer.go:74.42,76.57 2 1
osdrv/protoquery/tokenizer.go:76.57,79.5 2 1
osdrv/protoquery/tokenizer.go:80.4,81.58 2 1
osdrv/protoquery/tokenizer.go:82.9,82.41 1 1
osdrv/protoquery/tokenizer.go:82.41,83.39 1 1
osdrv/protoquery/tokenizer.go:83.39,85.5 1 0
osdrv/protoquery/tokenizer.go:86.4,87.69 2 1
osdrv/protoquery/tokenizer.go:88.9,88.40 1 1
osdrv/protoquery/tokenizer.go:88.40,90.55 2 1
osdrv/protoquery/tokenizer.go:90.55,93.5 2 1
osdrv/protoquery/tokenizer.go:94.4,95.58 2 1
osdrv/protoquery/tokenizer.go:96.9,96.40 1 1
osdrv/protoquery/tokenizer.go:96.40,97.37 1 1
osdrv/protoquery/tokenizer.go:97.37,99.5 1 0
osdrv/protoquery/tokenizer.go:100.4,101.64 2 1
osdrv/protoquery/tokenizer.go:102.9,102.41 1 1
osdrv/protoquery/tokenizer.go:102.41,103.37 1 1
osdrv/protoquery/tokenizer.go:103.37,106.5 2 1
osdrv/protoquery/tokenizer.go:106.10,109.5 2 1
osdrv/protoquery/tokenizer.go:110.9,110.39 1 1
osdrv/protoquery/tokenizer.go:110.39,113.4 2 1
osdrv/protoquery/tokenizer.go:113.9,113.58 1 1
osdrv/protoquery/tokenizer.go:113.58,116.36 3 1
osdrv/protoquery/tokenizer.go:116.36,119.5 2 1
osdrv/protoquery/tokenizer.go:120.4,120.58 1 1
osdrv/protoquery/tokenizer.go:121.9,122.63 1 1
osdrv/protoquery/tokenizer.go:122.63,125.4 2 1
osdrv/protoquery/tokenizer.go:125.9,125.69 1 1
osdrv/protoquery/tokenizer.go:125.69,128.44 3 1
osdrv/protoquery/tokenizer.go:128.44,130.5 1 1
osdrv/protoquery/tokenizer.go:131.4,131.24 1 1
osdrv/protoquery/tokenizer.go:131.24,133.5 1 0
osdrv/protoquery/tokenizer.go:134.4,135.8 2 1
osdrv/protoquery/tokenizer.go:136.9,136.32 1 1
osdrv/protoquery/tokenizer.go:136.32,140.45 4 1
osdrv/protoquery/tokenizer.go:140.45,142.5 1 1
osdrv/protoquery/tokenizer.go:142.10,144.5 1 1
osdrv/protoquery/tokenizer.go:145.9,145.32 1 1
osdrv/protoquery/tokenizer.go:145.32,149.11 4 1
osdrv/protoquery/tokenizer.go:149.11,151.5 1 1
osdrv/protoquery/tokenizer.go:151.10,153.5 1 1
osdrv/protoquery/tokenizer.go:154.9,156.4 1 0
osdrv/protoquery/tokenizer.go:158.2,158.20 1 1
osdrv/protoquery/type_helper.go:8.45,9.20 1 0
osdrv/protoquery/type_helper.go:9.20,11.3 1 0
osdrv/protoquery/type_helper.go:12.2,13.11 2 0
osdrv/protoquery/type_helper.go:16.42,17.20 1 1
osdrv/protoquery/type_helper.go:17.20,19.3 1 0
osdrv/protoquery/type_helper.go:20.2,21.11 2 1
osdrv/protoquery/type_helper.go:24.41,25.20 1 1
osdrv/protoquery/type_helper.go:25.20,27.3 1 0
osdrv/protoquery/type_helper.go:28.2,29.11 2 1
osdrv/protoquery/type_helper.go:32.43,33.20 1 1
osdrv/protoquery/type_helper.go:33.20,35.3 1 0
osdrv/protoquery/type_helper.go:36.2,37.11 2 1
osdrv/protoquery/type_helper.go:40.91,44.2 3 1
osdrv/protoquery/pkg/protogen/addressbook.pb.go:49.38,53.2 3 0
osdrv/protoquery/pkg/protogen/addressbook.pb.go:55.36,57.2 1 0
osdrv/protoquery/pkg/protogen/addressbook.pb.go:59.59,61.2 1 0
osdrv/protoquery/pkg/protogen/addressbook.pb.go:63.47,65.2 1 0
osdrv/protoquery/pkg/protogen/addressbook.pb.go:67.53,69.2 1 0
osdrv/protoquery/pkg/protogen/addressbook.pb.go:72.51,74.2 1 0
osdrv/protoquery/pkg/protogen/addressbook.pb.go:88.26,90.29 2 0
osdrv/protoquery/pkg/protogen/addressbook.pb.go:90.29,94.3 3 0
osdrv/protoquery/pkg/protogen/addressbook.pb.go:97.34,99.2 1 0
osdrv/protoquery/pkg/protogen/addressbook.pb.go:101.32,101.33 0 0
osdrv/protoquery/pkg/protogen/addressbook.pb.go:103.54,105.41 2 0
osdrv/protoquery/pkg/protogen/addressbook.pb.go:105.41,107.34 2 0
osdrv/protoquery/pkg/protogen/addressbook.pb.go:107.34,109.4 1 0
osdrv/protoquery/pkg/protogen/addressbook.pb.go:110.3,110.12 1 0
osdrv/protoquery/pkg/protogen/addressbook.pb.go:112.2,112.24 1 0
osdrv/protoquery/pkg/protogen/addressbook.pb.go:116.45,118.2 1 0
osdrv/protoquery/pkg/protogen/addressbook.pb.go:120.35,121.14 1 0
osdrv/protoquery/pkg/protogen/addressbook.pb.go:121.14,123.3 1 0
osdrv/protoquery/pkg/protogen/addressbook.pb.go:124.2,124.11 1 0
osdrv/protoquery/pkg/protogen/addressbook.pb.go:127.32,128.14 1 0
osdrv/protoquery/pkg/protogen/addressbook.pb.go:128.14,130.3 1 0
osdrv/protoquery/pkg/protogen/addressbook.pb.go:131.2,131.10 1 0
osdrv/protoquery/pkg/protogen/addressbook.pb.go:134.36,135.14 1 0
osdrv/protoquery/pkg/protogen/addressbook.pb.go:135.14,137.3 1 0
osdrv/protoquery/pkg/protogen/addressbook.pb.go:138.2,138.11 1 0
osdrv/protoquery/pkg/protogen/addressbook.pb.go:141.52,142.14 1 0
osdrv/protoquery/pkg/protogen/addressbook.pb.go:142.14,144.3 1 0
osdrv/protoquery/pkg/protogen/addressbook.pb.go:145.2,145.12 1 0
osdrv/protoquery/pkg/protogen/addressbook.pb.go:148.58,149.14 1 0
osdrv/protoquery/pkg/protogen/addressbook.pb.go:149.14,151.3 1 0
osdrv/protoquery/pkg/protogen/addressbook.pb.go:152.2,152.12 1 0
osdrv/protoquery/pkg/protogen/addressbook.pb.go:164.31,166.29 2 0
osdrv/protoquery/pkg/protogen/addressbook.pb.go:166.29,170.3 3 0
osdrv/protoquery/pkg/protogen/addressbook.pb.go:173.39,175.2 1 0
osdrv/protoquery/pkg/protogen/addressbook.pb.go:177.37,177.38 0 0
osdrv/protoquery/pkg/protogen/addressbook.pb.go:179.59,181.41 2 0
osdrv/protoquery/pkg/protogen/addressbook.pb.go:181.41,183.34 2 0
osdrv/protoquery/pkg/protogen/addressbook.pb.go:183.34,185.4 1 0
osdrv/protoquery/pkg/protogen/addressbook.pb.go:186.3,186.12 1 0
osdrv/protoquery/pkg/protogen/addressbook.pb.go:188.2,188.24 1 0
osdrv/protoquery/pkg/protogen/addressbook.pb.go:192.50,194.2 1 0
osdrv/protoquery/pkg/protogen/addressbook.pb.go:196.45,197.14 1 0
osdrv/protoquery/pkg/protogen/addressbook.pb.go:197.14,199.3 1 0
osdrv/protoquery/pkg/protogen/addressbook.pb.go:200.2,200.12 1 0
osdrv/protoquery/pkg/protogen/addressbook.pb.go:212.38,214.29 2 0
osdrv/protoquery/pkg/protogen/addressbook.pb.go:214.29,218.3 3 0
osdrv/protoquery/pkg/protogen/addressbook.pb.go:221.46,223.2 1 0
osdrv/protoquery/pkg/protogen/addressbook.pb.go:225.44,225.45 0 0
osdrv/protoquery/pkg/protogen/addressbook.pb.go:227.66,229.41 2 0
osdrv/protoquery/pkg/protogen/addressbook.pb.go:229.41,231.34 2 0
osdrv/protoquery/pkg/protogen/addressbook.pb.go:231.34,233.4 1 0
osdrv/protoquery/pkg/protogen/addressbook.pb.go:234.3,234.12 1 0
osdrv/protoquery/pkg/protogen/addressbook.pb.go:236.2,236.24 1 0
osdrv/protoquery/pkg/protogen/addressbook.pb.go:240.57,242.2 1 0
osdrv/protoquery/pkg/protogen/addressbook.pb.go:244.49,245.14 1 0
osdrv/protoquery/pkg/protogen/addressbook.pb.go:245.14,247.3 1 0
osdrv/protoquery/pkg/protogen/addressbook.pb.go:248.2,248.11 1 0
osdrv/protoquery/pkg/protogen/addressbook.pb.go:251.50,252.14 1 0
osdrv/protoquery/pkg/protogen/addressbook.pb.go:252.14,254.3 1 0
osdrv/protoquery/pkg/protogen/addressbook.pb.go:255.2,255.41 1 0
osdrv/protoquery/pkg/protogen/addressbook.pb.go:302.56,303.53 1 0
osdrv/protoquery/pkg/protogen/addressbook.pb.go:303.53,305.3 1 0
osdrv/protoquery/pkg/protogen/addressbook.pb.go:306.2,306.49 1 0
osdrv/protoquery/pkg/protogen/addressbook.pb.go:330.13,330.52 1 1
osdrv/protoquery/pkg/protogen/addressbook.pb.go:331.42,332.41 1 1
osdrv/protoquery/pkg/protogen/addressbook.pb.go:332.41,334.3 1 0
osdrv/protoquery/pkg/protogen/addressbook.pb.go:335.2,335.30 1 1
osdrv/protoquery/pkg/protogen/addressbook.pb.go:335.30,336.94 1 0
osdrv/protoquery/pkg/protogen/addressbook.pb.go:336.94,337.31 1 0
osdrv/protoquery/pkg/protogen/addressbook.pb.go:338.11,339.20 1 0
osdrv/protoquery/pkg/protogen/addressbook.pb.go:340.11,341.24 1 0
osdrv/protoquery/pkg/protogen/addressbook.pb.go:342.11,343.28 1 0
osdrv/protoquery/pkg/protogen/addressbook.pb.go:344.12,345.15 1 0
osdrv/protoquery/pkg/protogen/addressbook.pb.go:348.3,348.94 1 0
osdrv/protoquery/pkg/protogen/addressbook.pb.go:348.94,349.36 1 0
osdrv/protoquery/pkg/protogen/addressbook.pb.go:350.11,351.20 1 0
osdrv/protoquery/pkg/protogen/addressbook.pb.go:352.11,353.24 1 0
osdrv/protoquery/pkg/protogen/addressbook.pb.go:354.11,355.28 1 0
osdrv/protoquery/pkg/protogen/addressbook.pb.go:356.12,357.15 1 0
osdrv/protoquery/pkg/protogen/addressbook.pb.go:360.3,360.94 1 0
osdrv/protoquery/pkg/protogen/addressbook.pb.go:360.94,361.43 1 0
osdrv/protoquery/pkg/protogen/addressbook.pb.go:362.11,363.20 1 0
osdrv/protoquery/pkg/protogen/addressbook.pb.go:364.11,365.24 1 0
osdrv/protoquery/pkg/protogen/addressbook.pb.go:366.11,367.28 1 0
osdrv/protoquery/pkg/protogen/addressbook.pb.go:368.12,369.15 1 0
osdrv/protoquery/pkg/protogen/addressbook.pb.go:373.2,391.44 6 1
osdrv/protoquery/pkg/protogen/bookstore.pb.go:36.24,38.29 2 0
osdrv/protoquery/pkg/protogen/bookstore.pb.go:38.29,42.3 3 0
osdrv/protoquery/pkg/protogen/bookstore.pb.go:45.32,47.2 1 1
osdrv/protoquery/pkg/protogen/bookstore.pb.go:49.30,49.31 0 0
osdrv/protoquery/pkg/protogen/bookstore.pb.go:51.52,53.41 2 1
osdrv/protoquery/pkg/protogen/bookstore.pb.go:53.41,55.34 2 1
osdrv/protoquery/pkg/protogen/bookstore.pb.go:55.34,57.4 1 1
osdrv/protoquery/pkg/protogen/bookstore.pb.go:58.3,58.12 1 1
osdrv/protoquery/pkg/protogen/bookstore.pb.go:60.2,60.24 1 1
osdrv/protoquery/pkg/protogen/bookstore.pb.go:64.43,66.2 1 0
osdrv/protoquery/pkg/protogen/bookstore.pb.go:68.34,69.14 1 0
osdrv/protoquery/pkg/protogen/bookstore.pb.go:69.14,71.3 1 0
osdrv/protoquery/pkg/protogen/bookstore.pb.go:72.2,72.11 1 0
osdrv/protoquery/pkg/protogen/bookstore.pb.go:75.35,76.14 1 0
osdrv/protoquery/pkg/protogen/bookstore.pb.go:76.14,78.3 1 0
osdrv/protoquery/pkg/protogen/bookstore.pb.go:79.2,79.11 1 0
osdrv/protoquery/pkg/protogen/bookstore.pb.go:82.35,83.14 1 0
osdrv/protoquery/pkg/protogen/bookstore.pb.go:83.14,85.3 1 0
osdrv/protoquery/pkg/protogen/bookstore.pb.go:86.2,86.10 1 0
osdrv/protoquery/pkg/protogen/bookstore.pb.go:89.33,90.14 1 0
osdrv/protoquery/pkg/protogen/bookstore.pb.go:90.14,92.3 1 0
osdrv/protoquery/pkg/protogen/bookstore.pb.go:93.2,93.10 1 0
osdrv/protoquery/pkg/protogen/bookstore.pb.go:96.33,97.14 1 0
osdrv/protoquery/pkg/protogen/bookstore.pb.go:97.14,99.3 1 0
osdrv/protoquery/pkg/protogen/bookstore.pb.go:100.2,100.14 1 0
osdrv/protoquery/pkg/protogen/bookstore.pb.go:112.29,114.29 2 0
osdrv/protoquery/pkg/protogen/bookstore.pb.go:114.29,118.3 3 0
osdrv/protoquery/pkg/protogen/bookstore.pb.go:121.37,123.2 1 0
osdrv/protoquery/pkg/protogen/bookstore.pb.go:125.35,125.36 0 0
osdrv/protoquery/pkg/protogen/bookstore.pb.go:127.57,129.41 2 1
osdrv/protoquery/pkg/protogen/bookstore.pb.go:129.41,131.34 2 1
osdrv/protoquery/pkg/protogen/bookstore.pb.go:131.34,133.4 1 1
osdrv/protoquery/pkg/protogen/bookstore.pb.go:134.3,134.12 1 1
osdrv/protoquery/pkg/protogen/bookstore.pb.go:136.2,136.24 1 0
osdrv/protoquery/pkg/protogen/bookstore.pb.go:140.48,142.2 1 0
osdrv/protoquery/pkg/protogen/bookstore.pb.go:144.40,145.14 1 0
osdrv/protoquery/pkg/protogen/bookstore.pb.go:145.14,147.3 1 0
osdrv/protoquery/pkg/protogen/bookstore.pb.go:148.2,148.12 1 0
osdrv/protoquery/pkg/protogen/bookstore.pb.go:176.54,177.51 1 0
osdrv/protoquery/pkg/protogen/bookstore.pb.go:177.51,179.3 1 0
osdrv/protoquery/pkg/protogen/bookstore.pb.go:180.2,180.47 1 0
osdrv/protoquery/pkg/protogen/bookstore.pb.go:197.13,197.50 1 1
osdrv/protoquery/pkg/protogen/bookstore.pb.go:198.40,199.39 1 1
osdrv/protoquery/pkg/protogen/bookstore.pb.go:199.39,201.3 1 0
osdrv/protoquery/pkg/protogen/bookstore.pb.go:202.2,202.30 1 1
osdrv/protoquery/pkg/protogen/bookstore.pb.go:202.30,203.92 1 0
osdrv/protoquery/pkg/protogen/bookstore.pb.go:203.92,204.29 1 0
osdrv/protoquery/pkg/protogen/bookstore.pb.go:205.11,206.20 1 0
osdrv/protoquery/pkg/protogen/bookstore.pb.go:207.11,208.24 1 0
osdrv/protoquery/pkg/protogen/bookstore.pb.go:209.11,210.28 1 0
osdrv/protoquery/pkg/protogen/bookstore.pb.go:211.12,212.15 1 0
osdrv/protoquery/pkg/protogen/bookstore.pb.go:215.3,215.92 1 0
osdrv/protoquery/pkg/protogen/bookstore.pb.go:215.92,216.34 1 0
osdrv/protoquery/pkg/protogen/bookstore.pb.go:217.11,218.20 1 0
osdrv/protoquery/pkg/protogen/bookstore.pb.go:219.11,220.24 1 0
osdrv/protoquery/pkg/protogen/bookstore.pb.go:221.11,222.28 1 0
osdrv/protoquery/pkg/protogen/bookstore.pb.go:223.12,224.15 1 0
osdrv/protoquery/pkg/protogen/bookstore.pb.go:228.2,245.42 6 1
osdrv/protoquery/pkg/protogen/message_with_map.pb.go:31.40,33.29 2 0
osdrv/protoquery/pkg/protogen/message_with_map.pb.go:33.29,37.3 3 0
osdrv/protoquery/pkg/protogen/message_with_map.pb.go:40.48,42.2 1 0
osdrv/protoquery/pkg/protogen/message_with_map.pb.go:44.46,44.47 0 0
osdrv/protoquery/pkg/protogen/message_with_map.pb.go:46.68,48.41 2 1
osdrv/protoquery/pkg/protogen/message_with_map.pb.go:48.41,50.34 2 1
osdrv/protoquery/pkg/protogen/message_with_map.pb.go:50.34,52.4 1 1
osdrv/protoquery/pkg/protogen/message_with_map.pb.go:53.3,53.12 1 1
osdrv/protoquery/pkg/protogen/message_with_map.pb.go:55.2,55.24 1 0
osdrv/protoquery/pkg/protogen/message_with_map.pb.go:59.59,61.2 1 0
osdrv/protoquery/pkg/protogen/message_with_map.pb.go:63.71,64.14 1 0
osdrv/protoquery/pkg/protogen/message_with_map.pb.go:64.14,66.3 1 0
osdrv/protoquery/pkg/protogen/message_with_map.pb.go:67.2,67.12 1 0
osdrv/protoquery/pkg/protogen/message_with_map.pb.go:107.34,109.29 2 0
osdrv/protoquery/pkg/protogen/message_with_map.pb.go:109.29,113.3 3 0
osdrv/protoquery/pkg/protogen/message_with_map.pb.go:116.42,118.2 1 0
osdrv/protoquery/pkg/protogen/message_with_map.pb.go:120.40,120.41 0 0
osdrv/protoquery/pkg/protogen/message_with_map.pb.go:122.62,124.41 2 1
osdrv/protoquery/pkg/protogen/message_with_map.pb.go:124.41,126.34 2 1
osdrv/protoquery/pkg/protogen/message_with_map.pb.go:126.34,128.4 1 1
osdrv/protoquery/pkg/protogen/message_with_map.pb.go:129.3,129.12 1 1
osdrv/protoquery/pkg/protogen/message_with_map.pb.go:131.2,131.24 1 1
osdrv/protoquery/pkg/protogen/message_with_map.pb.go:135.53,137.2 1 0
osdrv/protoquery/pkg/protogen/message_with_map.pb.go:139.65,140.14 1 0
osdrv/protoquery/pkg/protogen/message_with_map.pb.go:140.14,142.3 1 0
osdrv/protoquery/pkg/protogen/message_with_map.pb.go:143.2,143.12 1 0
osdrv/protoquery/pkg/protogen/message_with_map.pb.go:146.57,147.14 1 0
osdrv/protoquery/pkg/protogen/message_with_map.pb.go:147.14,149.3 1 0
osdrv/protoquery/pkg/protogen/message_with_map.pb.go:150.2,150.12 1 0
osdrv/protoquery/pkg/protogen/message_with_map.pb.go:153.61,154.14 1 0
osdrv/protoquery/pkg/protogen/message_with_map.pb.go:154.14,156.3 1 0
osdrv/protoquery/pkg/protogen/message_with_map.pb.go:157.2,157.12 1 0
osdrv/protoquery/pkg/protogen/message_with_map.pb.go:160.61,161.14 1 0
osdrv/protoquery/pkg/protogen/message_with_map.pb.go:161.14,163.3 1 0
osdrv/protoquery/pkg/protogen/message_with_map.pb.go:164.2,164.12 1 0
osdrv/protoquery/pkg/protogen/message_with_map.pb.go:167.61,168.14 1 0
osdrv/protoquery/pkg/protogen/message_with_map.pb.go:168.14,170.3 1 0
osdrv/protoquery/pkg/protogen/message_with_map.pb.go:171.2,171.12 1 0
osdrv/protoquery/pkg/protogen/message_with_map.pb.go:174.66,175.14 1 0
osdrv/protoquery/pkg/protogen/message_with_map.pb.go:175.14,177.3 1 0
osdrv/protoquery/pkg/protogen/message_with_map.pb.go:178.2,178.12 1 0
osdrv/protoquery/pkg/protogen/message_with_map.pb.go:181.65,182.14 1 0
osdrv/protoquery/pkg/protogen/message_with_map.pb.go:182.14,184.3 1 0
osdrv/protoquery/pkg/protogen/message_with_map.pb.go:185.2,185.12 1 0
osdrv/protoquery/pkg/protogen/message_with_map.pb.go:188.64,189.14 1 0
osdrv/protoquery/pkg/protogen/message_with_map.pb.go:189.14,191.3 1 0
osdrv/protoquery/pkg/protogen/message_with_map.pb.go:192.2,192.12 1 0
osdrv/protoquery/pkg/protogen/message_with_map.pb.go:195.57,196.14 1 0
osdrv/protoquery/pkg/protogen/message_with_map.pb.go:196.14,198.3 1 0
osdrv/protoquery/pkg/protogen/message_with_map.pb.go:199.2,199.12 1 0
osdrv/protoquery/pkg/protogen/message_with_map.pb.go:202.62,203.14 1 0
osdrv/protoquery/pkg/protogen/message_with_map.pb.go:203.14,205.3 1 0
osdrv/protoquery/pkg/protogen/message_with_map.pb.go:206.2,206.12 1 0
osdrv/protoquery/pkg/protogen/message_with_map.pb.go:209.61,210.14 1 0
osdrv/protoquery/pkg/protogen/message_with_map.pb.go:210.14,212.3 1 0
osdrv/protoquery/pkg/protogen/message_with_map.pb.go:213.2,213.12 1 0
osdrv/protoquery/pkg/protogen/message_with_map.pb.go:216.60,217.14 1 0
osdrv/protoquery/pkg/protogen/message_with_map.pb.go:217.14,219.3 1 0
osdrv/protoquery/pkg/protogen/message_with_map.pb.go:220.2,220.12 1 0
osdrv/protoquery/pkg/protogen/message_with_map.pb.go:223.61,224.14 1 0
osdrv/protoquery/pkg/protogen/message_with_map.pb.go:224.14,226.3 1 0
osdrv/protoquery/pkg/protogen/message_with_map.pb.go:227.2,227.12 1 0
osdrv/protoquery/pkg/protogen/message_with_map.pb.go:230.57,231.14 1 0
osdrv/protoquery/pkg/protogen/message_with_map.pb.go:231.14,233.3 1 0
osdrv/protoquery/pkg/protogen/message_with_map.pb.go:234.2,234.12 1 0
osdrv/protoquery/pkg/protogen/message_with_map.pb.go:237.57,238.14 1 0
osdrv/protoquery/pkg/protogen/message_with_map.pb.go:238.14,240.3 1 0
osdrv/protoquery/pkg/protogen/message_with_map.pb.go:241.2,241.12 1 0
osdrv/protoquery/pkg/protogen/message_with_map.pb.go:244.62,245.14 1 0
osdrv/protoquery/pkg/protogen/message_with_map.pb.go:245.14,247.3 1 0
osdrv/protoquery/pkg/protogen/message_with_map.pb.go:248.2,248.12 1 0
osdrv/protoquery/pkg/protogen/message_with_map.pb.go:251.61,252.14 1 0
osdrv/protoquery/pkg/protogen/message_with_map.pb.go:252.14,254.3 1 0
osdrv/protoquery/pkg/protogen/message_with_map.pb.go:255.2,255.12 1 0
osdrv/protoquery/pkg/protogen/message_with_map.pb.go:258.60,259.14 1 0
osdrv/protoquery/pkg/protogen/message_with_map.pb.go:259.14,261.3 1 0
osdrv/protoquery/pkg/protogen/message_with_map.pb.go:262.2,262.12 1 0
osdrv/protoquery/pkg/protogen/message_with_map.pb.go:265.84,266.14 1 0
osdrv/protoquery/pkg/protogen/message_with_map.pb.go:266.14,268.3 1 0
osdrv/protoquery/pkg/protogen/message_with_map.pb.go:269.2,269.12 1 0
osdrv/protoquery/pkg/protogen/message_with_map.pb.go:272.84,273.14 1 0
osdrv/protoquery/pkg/protogen/message_with_map.pb.go:273.14,275.3 1 0
osdrv/protoquery/pkg/protogen/message_with_map.pb.go:276.2,276.12 1 0
osdrv/protoquery/pkg/protogen/message_with_map.pb.go:279.86,280.14 1 0
osdrv/protoquery/pkg/protogen/message_with_map.pb.go:280.14,282.3 1 0
osdrv/protoquery/pkg/protogen/message_with_map.pb.go:283.2,283.12 1 0
osdrv/protoquery/pkg/protogen/message_with_map.pb.go:286.86,287.14 1 0
osdrv/protoquery/pkg/protogen/message_with_map.pb.go:287.14,289.3 1 0
osdrv/protoquery/pkg/protogen/message_with_map.pb.go:290.2,290.12 1 0
osdrv/protoquery/pkg/protogen/message_with_map.pb.go:293.85,294.14 1 0
osdrv/protoquery/pkg/protogen/message_with_map.pb.go:294.14,296.3 1 0
osdrv/protoquery/pkg/protogen/message_with_map.pb.go:297.2,297.12 1 0
osdrv/protoquery/pkg/protogen/message_with_map.pb.go:300.85,301.14 1 0
osdrv/protoquery/pkg/protogen/message_with_map.pb.go:301.14,303.3 1 0
osdrv/protoquery/pkg/protogen/message_with_map.pb.go:304.2,304.12 1 0
osdrv/protoquery/pkg/protogen/message_with_map.pb.go:307.87,308.14 1 0
osdrv/protoquery/pkg/protogen/message_with_map.pb.go:308.14,310.3 1 0
osdrv/protoquery/pkg/protogen/message_with_map.pb.go:311.2,311.12 1 0
osdrv/protoquery/pkg/protogen/message_with_map.pb.go:314.87,315.14 1 0
osdrv/protoquery/pkg/protogen/message_with_map.pb.go:315.14,317.3 1 0
osdrv/protoquery/pkg/protogen/message_with_map.pb.go:318.2,318.12 1 0
osdrv/protoquery/pkg/protogen/message_with_map.pb.go:321.87,322.14 1 0
osdrv/protoquery/pkg/protogen/message_with_map.pb.go:322.14,324.3 1 0
osdrv/protoquery/pkg/protogen/message_with_map.pb.go:325.2,325.12 1 0
osdrv/protoquery/pkg/protogen/message_with_map.pb.go:328.87,329.14 1 0
osdrv/protoquery/pkg/protogen/message_with_map.pb.go:329.14,331.3 1 0
osdrv/protoquery/pkg/protogen/message_with_map.pb.go:332.2,332.12 1 0
osdrv/protoquery/pkg/protogen/message_with_map.pb.go:335.82,336.14 1 0
osdrv/protoquery/pkg/protogen/message_with_map.pb.go:336.14,338.3 1 0
osdrv/protoquery/pkg/protogen/message_with_map.pb.go:339.2,339.12 1 0
osdrv/protoquery/pkg/protogen/message_with_map.pb.go:342.86,343.14 1 0
osdrv/protoquery/pkg/protogen/message_with_map.pb.go:343.14,345.3 1 0
osdrv/protoquery/pkg/protogen/message_with_map.pb.go:346.2,346.12 1 0
osdrv/protoquery/pkg/protogen/message_with_map.pb.go:359.47,361.29 2 0
osdrv/protoquery/pkg/protogen/message_with_map.pb.go:361.29,365.3 3 0
osdrv/protoquery/pkg/protogen/message_with_map.pb.go:368.55,370.2 1 0
osdrv/protoquery/pkg/protogen/message_with_map.pb.go:372.53,372.54 0 0
osdrv/protoquery/pkg/protogen/message_with_map.pb.go:374.75,376.41 2 1
osdrv/protoquery/pkg/protogen/message_with_map.pb.go:376.41,378.34 2 1
osdrv/protoquery/pkg/protogen/message_with_map.pb.go:378.34,380.4 1 1
osdrv/protoquery/pkg/protogen/message_with_map.pb.go:381.3,381.12 1 1
osdrv/protoquery/pkg/protogen/message_with_map.pb.go:383.2,383.24 1 1
osdrv/protoquery/pkg/protogen/message_with_map.pb.go:387.66,389.2 1 0
osdrv/protoquery/pkg/protogen/message_with_map.pb.go:391.59,392.14 1 0
osdrv/protoquery/pkg/protogen/message_with_map.pb.go:392.14,394.3 1 0
osdrv/protoquery/pkg/protogen/message_with_map.pb.go:395.2,395.10 1 0
osdrv/protoquery/pkg/protogen/message_with_map.pb.go:398.63,399.14 1 0
osdrv/protoquery/pkg/protogen/message_with_map.pb.go:399.14,401.3 1 0
osdrv/protoquery/pkg/protogen/message_with_map.pb.go:402.2,402.11 1 0
osdrv/protoquery/pkg/protogen/message_with_map.pb.go:405.61,406.14 1 0
osdrv/protoquery/pkg/protogen/message_with_map.pb.go:406.14,408.3 1 0
osdrv/protoquery/pkg/protogen/message_with_map.pb.go:409.2,409.12 1 0
osdrv/protoquery/pkg/protogen/message_with_map.pb.go:759.61,760.58 1 0
osdrv/protoquery/pkg/protogen/message_with_map.pb.go:760.58,762.3 1 0
osdrv/protoquery/pkg/protogen/message_with_map.pb.go:763.2,763.54 1 0
osdrv/protoquery/pkg/protogen/message_with_map.pb.go:853.13,853.57 1 1
osdrv/protoquery/pkg/protogen/message_with_map.pb.go:854.47,855.46 1 1
osdrv/protoquery/pkg/protogen/message_with_map.pb.go:855.46,857.3 1 0
osdrv/protoquery/pkg/protogen/message_with_map.pb.go:858.2,858.30 1 1
osdrv/protoquery/pkg/protogen/message_with_map.pb.go:858.30,859.99 1 0
osdrv/protoquery/pkg/protogen/message_with_map.pb.go:859.99,860.45 1 0
osdrv/protoquery/pkg/protogen/message_with_map.pb.go:861.11,862.20 1 0
osdrv/protoquery/pkg/protogen/message_with_map.pb.go:863.11,864.24 1 0
osdrv/protoquery/pkg/protogen/message_with_map.pb.go:865.11,866.28 1 0
osdrv/protoquery/pkg/protogen/message_with_map.pb.go:867.12,868.15 1 0
osdrv/protoquery/pkg/protogen/message_with_map.pb.go:871.3,871.99 1 0
osdrv/protoquery/pkg/protogen/message_with_map.pb.go:871.99,872.39 1 0
osdrv/protoquery/pkg/protogen/message_with_map.pb.go:873.11,874.20 1 0
osdrv/protoquery/pkg/protogen/message_with_map.pb.go:875.11,876.24 1 0
osdrv/protoquery/pkg/protogen/message_with_map.pb.go:877.11,878.28 1 0
osdrv/protoquery/pkg/protogen/message_with_map.pb.go:879.12,880.15 1 0
osdrv/protoquery/pkg/protogen/message_with_map.pb.go:883.3,883.100 1 0
osdrv/protoquery/pkg/protogen/message_with_map.pb.go:883.100,884.52 1 0
osdrv/protoquery/pkg/protogen/message_with_map.pb.go:885.11,886.20 1 0
osdrv/protoquery/pkg/protogen/message_with_map.pb.go:887.11,888.24 1 0
osdrv/protoquery/pkg/protogen/message_with_map.pb.go:889.11,890.28 1 0
osdrv/protoquery/pkg/protogen/message_with_map.pb.go:891.12,892.15 1 0
osdrv/protoquery/pkg/protogen/message_with_map.pb.go:896.2,913.49 6 1
osdrv/protoquery/pkg/protogen/repeated_scalarts.pb.go:31.40,33.29 2 0
osdrv/protoquery/pkg/protogen/repeated_scalarts.pb.go:33.29,37.3 3 0
osdrv/protoquery/pkg/protogen/repeated_scalarts.pb.go:40.48,42.2 1 0
osdrv/protoquery/pkg/protogen/repeated_scalarts.pb.go:44.46,44.47 0 0
osdrv/protoquery/pkg/protogen/repeated_scalarts.pb.go:46.68,48.41 2 1
osdrv/protoquery/pkg/protogen/repeated_scalarts.pb.go:48.41,50.34 2 1
osdrv/protoquery/pkg/protogen/repeated_scalarts.pb.go:50.34,52.4 1 1
osdrv/protoquery/pkg/protogen/repeated_scalarts.pb.go:53.3,53.12 1 1
osdrv/protoquery/pkg/protogen/repeated_scalarts.pb.go:55.2,55.24 1 0
osdrv/protoquery/pkg/protogen/repeated_scalarts.pb.go:59.59,61.2 1 0
osdrv/protoquery/pkg/protogen/repeated_scalarts.pb.go:63.66,64.14 1 0
osdrv/protoquery/pkg/protogen/repeated_scalarts.pb.go:64.14,66.3 1 0
osdrv/protoquery/pkg/protogen/repeated_scalarts.pb.go:67.2,67.12 1 0
osdrv/protoquery/pkg/protogen/repeated_scalarts.pb.go:85.39,87.29 2 0
osdrv/protoquery/pkg/protogen/repeated_scalarts.pb.go:87.29,91.3 3 0
osdrv/protoquery/pkg/protogen/repeated_scalarts.pb.go:94.47,96.2 1 0
osdrv/protoquery/pkg/protogen/repeated_scalarts.pb.go:98.45,98.46 0 0
osdrv/protoquery/pkg/protogen/repeated_scalarts.pb.go:100.67,102.41 2 1
osdrv/protoquery/pkg/protogen/repeated_scalarts.pb.go:102.41,104.34 2 1
osdrv/protoquery/pkg/protogen/repeated_scalarts.pb.go:104.34,106.4 1 1
osdrv/protoquery/pkg/protogen/repeated_scalarts.pb.go:107.3,107.12 1 1
osdrv/protoquery/pkg/protogen/repeated_scalarts.pb.go:109.2,109.24 1 1
osdrv/protoquery/pkg/protogen/repeated_scalarts.pb.go:113.58,115.2 1 0
osdrv/protoquery/pkg/protogen/repeated_scalarts.pb.go:117.51,118.14 1 0
osdrv/protoquery/pkg/protogen/repeated_scalarts.pb.go:118.14,120.3 1 0
osdrv/protoquery/pkg/protogen/repeated_scalarts.pb.go:121.2,121.12 1 0
osdrv/protoquery/pkg/protogen/repeated_scalarts.pb.go:124.51,125.14 1 0
osdrv/protoquery/pkg/protogen/repeated_scalarts.pb.go:125.14,127.3 1 0
osdrv/protoquery/pkg/protogen/repeated_scalarts.pb.go:128.2,128.12 1 0
osdrv/protoquery/pkg/protogen/repeated_scalarts.pb.go:131.53,132.14 1 0
osdrv/protoquery/pkg/protogen/repeated_scalarts.pb.go:132.14,134.3 1 0
osdrv/protoquery/pkg/protogen/repeated_scalarts.pb.go:135.2,135.12 1 0
osdrv/protoquery/pkg/protogen/repeated_scalarts.pb.go:138.53,139.14 1 0
osdrv/protoquery/pkg/protogen/repeated_scalarts.pb.go:139.14,141.3 1 0
osdrv/protoquery/pkg/protogen/repeated_scalarts.pb.go:142.2,142.12 1 0
osdrv/protoquery/pkg/protogen/repeated_scalarts.pb.go:145.53,146.14 1 0
osdrv/protoquery/pkg/protogen/repeated_scalarts.pb.go:146.14,148.3 1 0
osdrv/protoquery/pkg/protogen/repeated_scalarts.pb.go:149.2,149.12 1 0
osdrv/protoquery/pkg/protogen/repeated_scalarts.pb.go:152.53,153.14 1 0
osdrv/protoquery/pkg/protogen/repeated_scalarts.pb.go:153.14,155.3 1 0
osdrv/protoquery/pkg/protogen/repeated_scalarts.pb.go:156.2,156.12 1 0
osdrv/protoquery/pkg/protogen/repeated_scalarts.pb.go:159.49,160.14 1 0
osdrv/protoquery/pkg/protogen/repeated_scalarts.pb.go:160.14,162.3 1 0
osdrv/protoquery/pkg/protogen/repeated_scalarts.pb.go:163.2,163.12 1 0
osdrv/protoquery/pkg/protogen/repeated_scalarts.pb.go:166.49,167.14 1 0
osdrv/protoquery/pkg/protogen/repeated_scalarts.pb.go:167.14,169.3 1 0
osdrv/protoquery/pkg/protogen/repeated_scalarts.pb.go:170.2,170.12 1 0
osdrv/protoquery/pkg/protogen/repeated_scalarts.pb.go:206.62,207.59 1 0
osdrv/protoquery/pkg/protogen/repeated_scalarts.pb.go:207.59,209.3 1 0
osdrv/protoquery/pkg/protogen/repeated_scalarts.pb.go:210.2,210.55 1 0
osdrv/protoquery/pkg/protogen/repeated_scalarts.pb.go:227.13,227.58 1 1
osdrv/protoquery/pkg/protogen/repeated_scalarts.pb.go:228.48,229.47 1 1
osdrv/protoquery/pkg/protogen/repeated_scalarts.pb.go:229.47,231.3 1 0
osdrv/protoquery/pkg/protogen/repeated_scalarts.pb.go:232.2,232.30 1 1
osdrv/protoquery/pkg/protogen/repeated_scalarts.pb.go:232.30,233.100 1 0
osdrv/protoquery/pkg/protogen/repeated_scalarts.pb.go:233.100,234.45 1 0
osdrv/protoquery/pkg/protogen/repeated_scalarts.pb.go:235.11,236.20 1 0
osdrv/protoquery/pkg/protogen/repeated_scalarts.pb.go:237.11,238.24 1 0
osdrv/protoquery/pkg/protogen/repeated_scalarts.pb.go:239.11,240.28 1 0
osdrv/protoquery/pkg/protogen/repeated_scalarts.pb.go:241.12,242.15 1 0
osdrv/protoquery/pkg/protogen/repeated_scalarts.pb.go:245.3,245.100 1 0
osdrv/protoquery/pkg/protogen/repeated_scalarts.pb.go:245.100,246.44 1 0
osdrv/protoquery/pkg/protogen/repeated_scalarts.pb.go:247.11,248.20 1 0
osdrv/protoquery/pkg/protogen/repeated_scalarts.pb.go:249.11,250.24 1 0
osdrv/protoquery/pkg/protogen/repeated_scalarts.pb.go:251.11,252.28 1 0
osdrv/protoquery/pkg/protogen/repeated_scalarts.pb.go:253.12,254.15 1 0
osdrv/protoquery/pkg/protogen/repeated_scalarts.pb.go:258.2,275.50 6 1
osdrv/protoquery/pkg/protogen/addressbook.pb.go:49.38,53.2 3 0
osdrv/protoquery/pkg/protogen/addressbook.pb.go:55.36,57.2 1 0
osdrv/protoquery/pkg/protogen/addressbook.pb.go:59.59,61.2 1 0
osdrv/protoquery/pkg/protogen/addressbook.pb.go:63.47,65.2 1 0
osdrv/protoquery/pkg/protogen/addressbook.pb.go:67.53,69.2 1 0
osdrv/protoquery/pkg/protogen/addressbook.pb.go:72.51,74.2 1 0
osdrv/protoquery/pkg/protogen/addressbook.pb.go:88.26,90.29 2 0
osdrv/protoquery/pkg/protogen/addressbook.pb.go:90.29,94.3 3 0
osdrv/protoquery/pkg/protogen/addressbook.pb.go:97.34,99.2 1 0
osdrv/protoquery/pkg/protogen/addressbook.pb.go:101.32,101.33 0 0
osdrv/protoquery/pkg/protogen/addressbook.pb.go:103.54,105.41 2 0
osdrv/protoquery/pkg/protogen/addressbook.pb.go:105.41,107.34 2 0
osdrv/protoquery/pkg/protogen/addressbook.pb.go:107.34,109.4 1 0
osdrv/protoquery/pkg/protogen/addressbook.pb.go:110.3,110.12 1 0
osdrv/protoquery/pkg/protogen/addressbook.pb.go:112.2,112.24 1 0
osdrv/protoquery/pkg/protogen/addressbook.pb.go:116.45,118.2 1 0
osdrv/protoquery/pkg/protogen/addressbook.pb.go:120.35,121.14 1 0
osdrv/protoquery/pkg/protogen/addressbook.pb.go:121.14,123.3 1 0
osdrv/protoquery/pkg/protogen/addressbook.pb.go:124.2,124.11 1 0
osdrv/protoquery/pkg/protogen/addressbook.pb.go:127.32,128.14 1 0
osdrv/protoquery/pkg/protogen/addressbook.pb.go:128.14,130.3 1 0
osdrv/protoquery/pkg/protogen/addressbook.pb.go:131.2,131.10 1 0
osdrv/protoquery/pkg/protogen/addressbook.pb.go:134.36,135.14 1 0
osdrv/protoquery/pkg/protogen/addressbook.pb.go:135.14,137.3 1 0
osdrv/protoquery/pkg/protogen/addressbook.pb.go:138.2,138.11 1 0
osdrv/protoquery/pkg/protogen/addressbook.pb.go:141.52,142.14 1 0
osdrv/protoquery/pkg/protogen/addressbook.pb.go:142.14,144.3 1 0
osdrv/protoquery/pkg/protogen/addressbook.pb.go:145.2,145.12 1 0
osdrv/protoquery/pkg/protogen/addressbook.pb.go:148.58,149.14 1 0
osdrv/protoquery/pkg/protogen/addressbook.pb.go:149.14,151.3 1 0
osdrv/protoquery/pkg/protogen/addressbook.pb.go:152.2,152.12 1 0
osdrv/protoquery/pkg/protogen/addressbook.pb.go:164.31,166.29 2 0
osdrv/protoquery/pkg/protogen/addressbook.pb.go:166.29,170.3 3 0
osdrv/protoquery/pkg/protogen/addressbook.pb.go:173.39,175.2 1 0
osdrv/protoquery/pkg/protogen/addressbook.pb.go:177.37,177.38 0 0
osdrv/protoquery/pkg/protogen/addressbook.pb.go:179.59,181.41 2 0
osdrv/protoquery/pkg/protogen/addressbook.pb.go:181.41,183.34 2 0
osdrv/protoquery/pkg/protogen/addressbook.pb.go:183.34,185.4 1 0
osdrv/protoquery/pkg/protogen/addressbook.pb.go:186.3,186.12 1 0
osdrv/protoquery/pkg/protogen/addressbook.pb.go:188.2,188.24 1 0
osdrv/protoquery/pkg/protogen/addressbook.pb.go:192.50,194.2 1 0
osdrv/protoquery/pkg/protogen/addressbook.pb.go:196.45,197.14 1 0
osdrv/protoquery/pkg/protogen/addressbook.pb.go:197.14,199.3 1 0
osdrv/protoquery/pkg/protogen/addressbook.pb.go:200.2,200.12 1 0
osdrv/protoquery/pkg/protogen/addressbook.pb.go:212.38,214.29 2 0
osdrv/protoquery/pkg/protogen/addressbook.pb.go:214.29,218.3 3 0
osdrv/protoquery/pkg/protogen/addressbook.pb.go:221.46,223.2 1 0
osdrv/protoquery/pkg/protogen/addressbook.pb.go:225.44,225.45 0 0
osdrv/protoquery/pkg/protogen/addressbook.pb.go:227.66,229.41 2 0
osdrv/protoquery/pkg/protogen/addressbook.pb.go:229.41,231.34 2 0
osdrv/protoquery/pkg/protogen/addressbook.pb.go:231.34,233.4 1 0
osdrv/protoquery/pkg/protogen/addressbook.pb.go:234.3,234.12 1 0
osdrv/protoquery/pkg/protogen/addressbook.pb.go:236.2,236.24 1 0
osdrv/protoquery/pkg/protogen/addressbook.pb.go:240.57,242.2 1 0
osdrv/protoquery/pkg/protogen/addressbook.pb.go:244.49,245.14 1 0
osdrv/protoquery/pkg/protogen/addressbook.pb.go:245.14,247.3 1 0
osdrv/protoquery/pkg/protogen/addressbook.pb.go:248.2,248.11 1 0
osdrv/protoquery/pkg/protogen/addressbook.pb.go:251.50,252.14 1 0
osdrv/protoquery/pkg/protogen/addressbook.pb.go:252.14,254.3 1 0
osdrv/protoquery/pkg/protogen/addressbook.pb.go:255.2,255.41 1 0
osdrv/protoquery/pkg/protogen/addressbook.pb.go:302.56,303.53 1 0
osdrv/protoquery/pkg/protogen/addressbook.pb.go:303.53,305.3 1 0
osdrv/protoquery/pkg/protogen/addressbook.pb.go:306.2,306.49 1 0
osdrv/protoquery/pkg/protogen/addressbook.pb.go:330.13,330.52 1 0
osdrv/protoquery/pkg/protogen/addressbook.pb.go:331.42,332.41 1 0
osdrv/protoquery/pkg/protogen/addressbook.pb.go:332.41,334.3 1 0
osdrv/protoquery/pkg/protogen/addressbook.pb.go:335.2,335.30 1 0
osdrv/protoquery/pkg/protogen/addressbook.pb.go:335.30,336.94 1 0
osdrv/protoquery/pkg/protogen/addressbook.pb.go:336.94,337.31 1 0
osdrv/protoquery/pkg/protogen/addressbook.pb.go:338.11,339.20 1 0
osdrv/protoquery/pkg/protogen/addressbook.pb.go:340.11,341.24 1 0
osdrv/protoquery/pkg/protogen/addressbook.pb.go:342.11,343.28 1 0
osdrv/protoquery/pkg/protogen/addressbook.pb.go:344.12,345.15 1 0
osdrv/protoquery/pkg/protogen/addressbook.pb.go:348.3,348.94 1 0
osdrv/protoquery/pkg/protogen/addressbook.pb.go:348.94,349.36 1 0
osdrv/protoquery/pkg/protogen/addressbook.pb.go:350.11,351.20 1 0
osdrv/protoquery/pkg/protogen/addressbook.pb.go:352.11,353.24 1 0
osdrv/protoquery/pkg/protogen/addressbook.pb.go:354.11,355.28 1 0
osdrv/protoquery/pkg/protogen/addressbook.pb.go:356.12,357.15 1 0
osdrv/protoquery/pkg/protogen/addressbook.pb.go:360.3,360.94 1 0
osdrv/protoquery/pkg/protogen/addressbook.pb.go:360.94,361.43 1 0
osdrv/protoquery/pkg/protogen/addressbook.pb.go:362.11,363.20 1 0
osdrv/protoquery/pkg/protogen/addressbook.pb.go:364.11,365.24 1 0
osdrv/protoquery/pkg/protogen/addressbook.pb.go:366.11,367.28 1 0
osdrv/protoquery/pkg/protogen/addressbook.pb.go:368.12,369.15 1 0
osdrv/protoquery/pkg/protogen/addressbook.pb.go:373.2,391.44 6 0
osdrv/protoquery/pkg/protogen/bookstore.pb.go:36.24,38.29 2 0
osdrv/protoquery/pkg/protogen/bookstore.pb.go:38.29,42.3 3 0
osdrv/protoquery/pkg/protogen/bookstore.pb.go:45.32,47.2 1 0
osdrv/protoquery/pkg/protogen/bookstore.pb.go:49.30,49.31 0 0
osdrv/protoquery/pkg/protogen/bookstore.pb.go:51.52,53.41 2 0
osdrv/protoquery/pkg/protogen/bookstore.pb.go:53.41,55.34 2 0
osdrv/protoquery/pkg/protogen/bookstore.pb.go:55.34,57.4 1 0
osdrv/protoquery/pkg/protogen/bookstore.pb.go:58.3,58.12 1 0
osdrv/protoquery/pkg/protogen/bookstore.pb.go:60.2,60.24 1 0
osdrv/protoquery/pkg/protogen/bookstore.pb.go:64.43,66.2 1 0
osdrv/protoquery/pkg/protogen/bookstore.pb.go:68.34,69.14 1 0
osdrv/protoquery/pkg/protogen/bookstore.pb.go:69.14,71.3 1 0
osdrv/protoquery/pkg/protogen/bookstore.pb.go:72.2,72.11 1 0
osdrv/protoquery/pkg/protogen/bookstore.pb.go:75.35,76.14 1 0
osdrv/protoquery/pkg/protogen/bookstore.pb.go:76.14,78.3 1 0
osdrv/protoquery/pkg/protogen/bookstore.pb.go:79.2,79.11 1 0
osdrv/protoquery/pkg/protogen/bookstore.pb.go:82.35,83.14 1 0
osdrv/protoquery/pkg/protogen/bookstore.pb.go:83.14,85.3 1 0
osdrv/protoquery/pkg/protogen/bookstore.pb.go:86.2,86.10 1 0
osdrv/protoquery/pkg/protogen/bookstore.pb.go:89.33,90.14 1 0
osdrv/protoquery/pkg/protogen/bookstore.pb.go:90.14,92.3 1 0
osdrv/protoquery/pkg/protogen/bookstore.pb.go:93.2,93.10 1 0
osdrv/protoquery/pkg/protogen/bookstore.pb.go:96.33,97.14 1 0
osdrv/protoquery/pkg/protogen/bookstore.pb.go:97.14,99.3 1 0
osdrv/protoquery/pkg/protogen/bookstore.pb.go:100.2,100.14 1 0
osdrv/protoquery/pkg/protogen/bookstore.pb.go:112.29,114.29 2 0
osdrv/protoquery/pkg/protogen/bookstore.pb.go:114.29,118.3 3 0
osdrv/protoquery/pkg/protogen/bookstore.pb.go:121.37,123.2 1 0
osdrv/protoquery/pkg/protogen/bookstore.pb.go:125.35,125.36 0 0
osdrv/protoquery/pkg/protogen/bookstore.pb.go:127.57,129.41 2 0
osdrv/protoquery/pkg/protogen/bookstore.pb.go:129.41,131.34 2 0
osdrv/protoquery/pkg/protogen/bookstore.pb.go:131.34,133.4 1 0
osdrv/protoquery/pkg/protogen/bookstore.pb.go:134.3,134.12 1 0
osdrv/protoquery/pkg/protogen/bookstore.pb.go:136.2,136.24 1 0
osdrv/protoquery/pkg/protogen/bookstore.pb.go:140.48,142.2 1 0
osdrv/protoquery/pkg/protogen/bookstore.pb.go:144.40,145.14 1 0
osdrv/protoquery/pkg/protogen/bookstore.pb.go:145.14,147.3 1 0
osdrv/protoquery/pkg/protogen/bookstore.pb.go:148.2,148.12 1 0
osdrv/protoquery/pkg/protogen/bookstore.pb.go:176.54,177.51 1 0
osdrv/protoquery/pkg/protogen/bookstore.pb.go:177.51,179.3 1 0
osdrv/protoquery/pkg/protogen/bookstore.pb.go:180.2,180.47 1 0
osdrv/protoquery/pkg/protogen/bookstore.pb.go:197.13,197.50 1 0
osdrv/protoquery/pkg/protogen/bookstore.pb.go:198.40,199.39 1 0
osdrv/protoquery/pkg/protogen/bookstore.pb.go:199.39,201.3 1 0
osdrv/protoquery/pkg/protogen/bookstore.pb.go:202.2,202.30 1 0
osdrv/protoquery/pkg/protogen/bookstore.pb.go:202.30,203.92 1 0
osdrv/protoquery/pkg/protogen/bookstore.pb.go:203.92,204.29 1 0
osdrv/protoquery/pkg/protogen/bookstore.pb.go:205.11,206.20 1 0
osdrv/protoquery/pkg/protogen/bookstore.pb.go:207.11,208.24 1 0
osdrv/protoquery/pkg/protogen/bookstore.pb.go:209.11,210.28 1 0
osdrv/protoquery/pkg/protogen/bookstore.pb.go:211.12,212.15 1 0
osdrv/protoquery/pkg/protogen/bookstore.pb.go:215.3,215.92 1 0
osdrv/protoquery/pkg/protogen/bookstore.pb.go:215.92,216.34 1 0
osdrv/protoquery/pkg/protogen/bookstore.pb.go:217.11,218.20 1 0
osdrv/protoquery/pkg/protogen/bookstore.pb.go:219.11,220.24 1 0
osdrv/protoquery/pkg/protogen/bookstore.pb.go:221.11,222.28 1 0
osdrv/protoquery/pkg/protogen/bookstore.pb.go:223.12,224.15 1 0
osdrv/protoquery/pkg/protogen/bookstore.pb.go:228.2,245.42 6 0
osdrv/protoquery/pkg/protogen/message_with_map.pb.go:31.40,33.29 2 0
osdrv/protoquery/pkg/protogen/message_with_map.pb.go:33.29,37.3 3 0
osdrv/protoquery/pkg/protogen/message_with_map.pb.go:40.48,42.2 1 0
osdrv/protoquery/pkg/protogen/message_with_map.pb.go:44.46,44.47 0 0
osdrv/protoquery/pkg/protogen/message_with_map.pb.go:46.68,48.41 2 0
osdrv/protoquery/pkg/protogen/message_with_map.pb.go:48.41,50.34 2 0
osdrv/protoquery/pkg/protogen/message_with_map.pb.go:50.34,52.4 1 0
osdrv/protoquery/pkg/protogen/message_with_map.pb.go:53.3,53.12 1 0
osdrv/protoquery/pkg/protogen/message_with_map.pb.go:55.2,55.24 1 0
osdrv/protoquery/pkg/protogen/message_with_map.pb.go:59.59,61.2 1 0
osdrv/protoquery/pkg/protogen/message_with_map.pb.go:63.71,64.14 1 0
osdrv/protoquery/pkg/protogen/message_with_map.pb.go:64.14,66.3 1 0
osdrv/protoquery/pkg/protogen/message_with_map.pb.go:67.2,67.12 1 0
osdrv/protoquery/pkg/protogen/message_with_map.pb.go:107.34,109.29 2 0
osdrv/protoquery/pkg/protogen/message_with_map.pb.go:109.29,113.3 3 0
osdrv/protoquery/pkg/protogen/message_with_map.pb.go:116.42,118.2 1 0
osdrv/protoquery/pkg/protogen/message_with_map.pb.go:120.40,120.41 0 0
osdrv/protoquery/pkg/protogen/message_with_map.pb.go:122.62,124.41 2 0
osdrv/protoquery/pkg/protogen/message_with_map.pb.go:124.41,126.34 2 0
osdrv/protoquery/pkg/protogen/message_with_map.pb.go:126.34,128.4 1 0
osdrv/protoquery/pkg/protogen/message_with_map.pb.go:129.3,129.12 1 0
osdrv/protoquery/pkg/protogen/message_with_map.pb.go:131.2,131.24 1 0
osdrv/protoquery/pkg/protogen/message_with_map.pb.go:135.53,137.2 1 0
osdrv/protoquery/pkg/protogen/message_with_map.pb.go:139.65,140.14 1 0
osdrv/protoquery/pkg/protogen/message_with_map.pb.go:140.14,142.3 1 0
osdrv/protoquery/pkg/protogen/message_with_map.pb.go:143.2,143.12 1 0
osdrv/protoquery/pkg/protogen/message_with_map.pb.go:146.57,147.14 1 0
osdrv/protoquery/pkg/protogen/message_with_map.pb.go:147.14,149.3 1 0
osdrv/protoquery/pkg/protogen/message_with_map.pb.go:150.2,150.12 1 0
osdrv/protoquery/pkg/protogen/message_with_map.pb.go:153.61,154.14 1 0
osdrv/protoquery/pkg/protogen/message_with_map.pb.go:154.14,156.3 1 0
osdrv/protoquery/pkg/protogen/message_with_map.pb.go:157.2,157.12 1 0
osdrv/protoquery/pkg/protogen/message_with_map.pb.go:160.61,161.14 1 0
osdrv/protoquery/pkg/protogen/message_with_map.pb.go:161.14,163.3 1 0
osdrv/protoquery/pkg/protogen/message_with_map.pb.go:164.2,164.12 1 0
osdrv/protoquery/pkg/protogen/message_with_map.pb.go:167.61,168.14 1 0
osdrv/protoquery/pkg/protogen/message_with_map.pb.go:168.14,170.3 1 0
osdrv/protoquery/pkg/protogen/message_with_map.pb.go:171.2,171.12 1 0
osdrv/protoquery/pkg/protogen/message_with_map.pb.go:174.66,175.14 1 0
osdrv/protoquery/pkg/protogen/message_with_map.pb.go:175.14,177.3 1 0
osdrv/protoquery/pkg/protogen/message_with_map.pb.go:178.2,178.12 1 0
osdrv/protoquery/pkg/protogen/message_with_map.pb.go:181.65,182.14 1 0
osdrv/protoquery/pkg/protogen/message_with_map.pb.go:182.14,184.3 1 0
osdrv/protoquery/pkg/protogen/message_with_map.pb.go:185.2,185.12 1 0
osdrv/protoquery/pkg/protogen/message_with_map.pb.go:188.64,189.14 1 0
osdrv/protoquery/pkg/protogen/message_with_map.pb.go:189.14,191.3 1 0
osdrv/protoquery/pkg/protogen/message_with_map.pb.go:192.2,192.12 1 0
osdrv/protoquery/pkg/protogen/message_with_map.pb.go:195.57,196.14 1 0
osdrv/protoquery/pkg/protogen/message_with_map.pb.go:196.14,198.3 1 0
osdrv/protoquery/pkg/protogen/message_with_map.pb.go:199.2,199.12 1 0
osdrv/protoquery/pkg/protogen/message_with_map.pb.go:202.62,203.14 1 0
osdrv/protoquery/pkg/protogen/message_with_map.pb.go:203.14,205.3 1 0
osdrv/protoquery/pkg/protogen/message_with_map.pb.go:206.2,206.12 1 0
osdrv/protoquery/pkg/protogen/message_with_map.pb.go:209.61,210.14 1 0
osdrv/protoquery/pkg/protogen/message_with_map.pb.go:210.14,212.3 1 0
osdrv/protoquery/pkg/protogen/message_with_map.pb.go:213.2,213.12 1 0
osdrv/protoquery/pkg/protogen/message_with_map.pb.go:216.60,217.14 1 0
osdrv/protoquery/pkg/protogen/message_with_map.pb.go:217.14,219.3 1 0
osdrv/protoquery/pkg/protogen/message_with_map.pb.go:220.2,220.12 1 0
osdrv/protoquery/pkg/protogen/message_with_map.pb.go:223.61,224.14 1 0
osdrv/protoquery/pkg/protogen/message_with_map.pb.go:224.14,226.3 1 0
osdrv/protoquery/pkg/protogen/message_with_map.pb.go:227.2,227.12 1 0
osdrv/protoquery/pkg/protogen/message_with_map.pb.go:230.57,231.14 1 0
osdrv/protoquery/pkg/protogen/message_with_map.pb.go:231.14,233.3 1 0
osdrv/protoquery/pkg/protogen/message_with_map.pb.go:234.2,234.12 1 0
osdrv/protoquery/pkg/protogen/message_with_map.pb.go:237.57,238.14 1 0
osdrv/protoquery/pkg/protogen/message_with_map.pb.go:238.14,240.3 1 0
osdrv/protoquery/pkg/protogen/message_with_map.pb.go:241.2,241.12 1 0
osdrv/protoquery/pkg/protogen/message_with_map.pb.go:244.62,245.14 1 0
osdrv/protoquery/pkg/protogen/message_with_map.pb.go:245.14,247.3 1 0
osdrv/protoquery/pkg/protogen/message_with_map.pb.go:248.2,248.12 1 0
osdrv/protoquery/pkg/protogen/message_with_map.pb.go:251.61,252.14 1 0
osdrv/protoquery/pkg/protogen/message_with_map.pb.go:252.14,254.3 1 0
osdrv/protoquery/pkg/protogen/message_with_map.pb.go:255.2,255.12 1 0
osdrv/protoquery/pkg/protogen/message_with_map.pb.go:258.60,259.14 1 0
osdrv/protoquery/pkg/protogen/message_with_map.pb.go:259.14,261.3 1 0
osdrv/protoquery/pkg/protogen/message_with_map.pb.go:262.2,262.12 1 0
osdrv/protoquery/pkg/protogen/message_with_map.pb.go:265.84,266.14 1 0
osdrv/protoquery/pkg/protogen/message_with_map.pb.go:266.14,268.3 1 0
osdrv/protoquery/pkg/protogen/message_with_map.pb.go:269.2,269.12 1 0
osdrv/protoquery/pkg/protogen/message_with_map.pb.go:272.84,273.14 1 0
osdrv/protoquery/pkg/protogen/message_with_map.pb.go:273.14,275.3 1 0
osdrv/protoquery/pkg/protogen/message_with_map.pb.go:276.2,276.12 1 0
osdrv/protoquery/pkg/protogen/message_with_map.pb.go:279.86,280.14 1 0
osdrv/protoquery/pkg/protogen/message_with_map.pb.go:280.14,282.3 1 0
osdrv/protoquery/pkg/protogen/message_with_map.pb.go:283.2,283.12 1 0
osdrv/protoquery/pkg/protogen/message_with_map.pb.go:286.86,287.14 1 0
osdrv/protoquery/pkg/protogen/message_with_map.pb.go:287.14,289.3 1 0
osdrv/protoquery/pkg/protogen/message_with_map.pb.go:290.2,290.12 1 0
osdrv/protoquery/pkg/protogen/message_with_map.pb.go:293.85,294.14 1 0
osdrv/protoquery/pkg/protogen/message_with_map.pb.go:294.14,296.3 1 0
osdrv/protoquery/pkg/protogen/message_with_map.pb.go:297.2,297.12 1 0
osdrv/protoquery/pkg/protogen/message_with_map.pb.go:300.85,301.14 1 0
osdrv/protoquery/pkg/protogen/message_with_map.pb.go:301.14,303.3 1 0
osdrv/protoquery/pkg/protogen/message_with_map.pb.go:304.2,304.12 1 0
osdrv/protoquery/pkg/protogen/message_with_map.pb.go:307.87,308.14 1 0
osdrv/protoquery/pkg/protogen/message_with_map.pb.go:308.14,310.3 1 0
osdrv/protoquery/pkg/protogen/message_with_map.pb.go:311.2,311.12 1 0
osdrv/protoquery/pkg/protogen/message_with_map.pb.go:314.87,315.14 1 0
osdrv/protoquery/pkg/protogen/message_with_map.pb.go:315.14,317.3 1 0
osdrv/protoquery/pkg/protogen/message_with_map.pb.go:318.2,318.12 1 0
osdrv/protoquery/pkg/protogen/message_with_map.pb.go:321.87,322.14 1 0
osdrv/protoquery/pkg/protogen/message_with_map.pb.go:322.14,324.3 1 0
osdrv/protoquery/pkg/protogen/message_with_map.pb.go:325.2,325.12 1 0
osdrv/protoquery/pkg/protogen/message_with_map.pb.go:328.87,329.14 1 0
osdrv/protoquery/pkg/protogen/message_with_map.pb.go:329.14,331.3 1 0
osdrv/protoquery/pkg/protogen/message_with_map.pb.go:332.2,332.12 1 0
osdrv/protoquery/pkg/protogen/message_with_map.pb.go:335.82,336.14 1 0
osdrv/protoquery/pkg/protogen/message_with_map.pb.go:336.14,338.3 1 0
osdrv/protoquery/pkg/protogen/message_with_map.pb.go:339.2,339.12 1 0
osdrv/protoquery/pkg/protogen/message_with_map.pb.go:342.86,343.14 1 0
osdrv/protoquery/pkg/protogen/message_with_map.pb.go:343.14,345.3 1 0
osdrv/protoquery/pkg/protogen/message_with_map.pb.go:346.2,346.12 1 0
osdrv/protoquery/pkg/protogen/message_with_map.pb.go:359.47,361.29 2 0
osdrv/protoquery/pkg/protogen/message_with_map.pb.go:361.29,365.3 3 0
osdrv/protoquery/pkg/protogen/message_with_map.pb.go:368.55,370.2 1 0
osdrv/protoquery/pkg/protogen/message_with_map.pb.go:372.53,372.54 0 0
osdrv/protoquery/pkg/protogen/message_with_map.pb.go:374.75,376.41 2 0
osdrv/protoquery/pkg/protogen/message_with_map.pb.go:376.41,378.34 2 0
osdrv/protoquery/pkg/protogen/message_with_map.pb.go:378.34,380.4 1 0
osdrv/protoquery/pkg/protogen/message_with_map.pb.go:381.3,381.12 1 0
osdrv/protoquery/pkg/protogen/message_with_map.pb.go:383.2,383.24 1 0
osdrv/protoquery/pkg/protogen/message_with_map.pb.go:387.66,389.2 1 0
osdrv/protoquery/pkg/protogen/message_with_map.pb.go:391.59,392.14 1 0
osdrv/protoquery/pkg/protogen/message_with_map.pb.go:392.14,394.3 1 0
osdrv/protoquery/pkg/protogen/message_with_map.pb.go:395.2,395.10 1 0
osdrv/protoquery/pkg/protogen/message_with_map.pb.go:398.63,399.14 1 0
osdrv/protoquery/pkg/protogen/message_with_map.pb.go:399.14,401.3 1 0
osdrv/protoquery/pkg/protogen/message_with_map.pb.go:402.2,402.11 1 0
osdrv/protoquery/pkg/protogen/message_with_map.pb.go:405.61,406.14 1 0
osdrv/protoquery/pkg/protogen/message_with_map.pb.go:406.14,408.3 1 0
osdrv/protoquery/pkg/protogen/message_with_map.pb.go:409.2,409.12 1 0
osdrv/protoquery/pkg/protogen/message_with_map.pb.go:759.61,760.58 1 0
osdrv/protoquery/pkg/protogen/message_with_map.pb.go:760.58,762.3 1 0
osdrv/protoquery/pkg/protogen/message_with_map.pb.go:763.2,763.54 1 0
osdrv/protoquery/pkg/protogen/message_with_map.pb.go:853.13,853.57 1 0
osdrv/protoquery/pkg/protogen/message_with_map.pb.go:854.47,855.46 1 0
osdrv/protoquery/pkg/protogen/message_with_map.pb.go:855.46,857.3 1 0
osdrv/protoquery/pkg/protogen/message_with_map.pb.go:858.2,858.30 1 0
osdrv/protoquery/pkg/protogen/message_with_map.pb.go:858.30,859.99 1 0
osdrv/protoquery/pkg/protogen/message_with_map.pb.go:859.99,860.45 1 0
osdrv/protoquery/pkg/protogen/message_with_map.pb.go:861.11,862.20 1 0
osdrv/protoquery/pkg/protogen/message_with_map.pb.go:863.11,864.24 1 0
osdrv/protoquery/pkg/protogen/message_with_map.pb.go:865.11,866.28 1 0
osdrv/protoquery/pkg/protogen/message_with_map.pb.go:867.12,868.15 1 0
osdrv/protoquery/pkg/protogen/message_with_map.pb.go:871.3,871.99 1 0
osdrv/protoquery/pkg/protogen/message_with_map.pb.go:871.99,872.39 1 0
osdrv/protoquery/pkg/protogen/message_with_map.pb.go:873.11,874.20 1 0
osdrv/protoquery/pkg/protogen/message_with_map.pb.go:875.11,876.24 1 0
osdrv/protoquery/pkg/protogen/message_with_map.pb.go:877.11,878.28 1 0
osdrv/protoquery/pkg/protogen/message_with_map.pb.go:879.12,880.15 1 0
osdrv/protoquery/pkg/protogen/message_with_map.pb.go:883.3,883.100 1 0
osdrv/protoquery/pkg/protogen/message_with_map.pb.go:883.100,884.52 1 0
osdrv/protoquery/pkg/protogen/message_with_map.pb.go:885.11,886.20 1 0
osdrv/protoquery/pkg/protogen/message_with_map.pb.go:887.11,888.24 1 0
osdrv/protoquery/pkg/protogen/message_with_map.pb.go:889.11,890.28 1 0
osdrv/protoquery/pkg/protogen/message_with_map.pb.go:891.12,892.15 1 0
osdrv/protoquery/pkg/protogen/message_with_map.pb.go:896.2,913.49 6 0
osdrv/protoquery/pkg/protogen/repeated_scalarts.pb.go:31.40,33.29 2 0
osdrv/protoquery/pkg/protogen/repeated_scalarts.pb.go:33.29,37.3 3 0
osdrv/protoquery/pkg/protogen/repeated_scalarts.pb.go:40.48,42.2 1 0
osdrv/protoquery/pkg/protogen/repeated_scalarts.pb.go:44.46,44.47 0 0
osdrv/protoquery/pkg/protogen/repeated_scalarts.pb.go:46.68,48.41 2 0
osdrv/protoquery/pkg/protogen/repeated_scalarts.pb.go:48.41,50.34 2 0
osdrv/protoquery/pkg/protogen/repeated_scalarts.pb.go:50.34,52.4 1 0
osdrv/protoquery/pkg/protogen/repeated_scalarts.pb.go:53.3,53.12 1 0
osdrv/protoquery/pkg/protogen/repeated_scalarts.pb.go:55.2,55.24 1 0
osdrv/protoquery/pkg/protogen/repeated_scalarts.pb.go:59.59,61.2 1 0
osdrv/protoquery/pkg/protogen/repeated_scalarts.pb.go:63.66,64.14 1 0
osdrv/protoquery/pkg/protogen/repeated_scalarts.pb.go:64.14,66.3 1 0
osdrv/protoquery/pkg/protogen/repeated_scalarts.pb.go:67.2,67.12 1 0
osdrv/protoquery/pkg/protogen/repeated_scalarts.pb.go:85.39,87.29 2 0
osdrv/protoquery/pkg/protogen/repeated_scalarts.pb.go:87.29,91.3 3 0
osdrv/protoquery/pkg/protogen/repeated_scalarts.pb.go:94.47,96.2 1 0
osdrv/protoquery/pkg/protogen/repeated_scalarts.pb.go:98.45,98.46 0 0
osdrv/protoquery/pkg/protogen/repeated_scalarts.pb.go:100.67,102.41 2 0
osdrv/protoquery/pkg/protogen/repeated_scalarts.pb.go:102.41,104.34 2 0
osdrv/protoquery/pkg/protogen/repeated_scalarts.pb.go:104.34,106.4 1 0
osdrv/protoquery/pkg/protogen/repeated_scalarts.pb.go:107.3,107.12 1 0
osdrv/protoquery/pkg/protogen/repeated_scalarts.pb.go:109.2,109.24 1 0
osdrv/protoquery/pkg/protogen/repeated_scalarts.pb.go:113.58,115.2 1 0
osdrv/protoquery/pkg/protogen/repeated_scalarts.pb.go:117.51,118.14 1 0
osdrv/protoquery/pkg/protogen/repeated_scalarts.pb.go:118.14,120.3 1 0
osdrv/protoquery/pkg/protogen/repeated_scalarts.pb.go:121.2,121.12 1 0
osdrv/protoquery/pkg/protogen/repeated_scalarts.pb.go:124.51,125.14 1 0
osdrv/protoquery/pkg/protogen/repeated_scalarts.pb.go:125.14,127.3 1 0
osdrv/protoquery/pkg/protogen/repeated_scalarts.pb.go:128.2,128.12 1 0
osdrv/protoquery/pkg/protogen/repeated_scalarts.pb.go:131.53,132.14 1 0
osdrv/protoquery/pkg/protogen/repeated_scalarts.pb.go:132.14,134.3 1 0
osdrv/protoquery/pkg/protogen/repeated_scalarts.pb.go:135.2,135.12 1 0
osdrv/protoquery/pkg/protogen/repeated_scalarts.pb.go:138.53,139.14 1 0
osdrv/protoquery/pkg/protogen/repeated_scalarts.pb.go:139.14,141.3 1 0
osdrv/protoquery/pkg/protogen/repeated_scalarts.pb.go:142.2,142.12 1 0
osdrv/protoquery/pkg/protogen/repeated_scalarts.pb.go:145.53,146.14 1 0
osdrv/protoquery/pkg/protogen/repeated_scalarts.pb.go:146.14,148.3 1 0
osdrv/protoquery/pkg/protogen/repeated_scalarts.pb.go:149.2,149.12 1 0
osdrv/protoquery/pkg/protogen/repeated_scalarts.pb.go:152.53,153.14 1 0
osdrv/protoquery/pkg/protogen/repeated_scalarts.pb.go:153.14,155.3 1 0
osdrv/protoquery/pkg/protogen/repeated_scalarts.pb.go:156.2,156.12 1 0
osdrv/protoquery/pkg/protogen/repeated_scalarts.pb.go:159.49,160.14 1 0
osdrv/protoquery/pkg/protogen/repeated_scalarts.pb.go:160.14,162.3 1 0
osdrv/protoquery/pkg/protogen/repeated_scalarts.pb.go:163.2,163.12 1 0
osdrv/protoquery/pkg/protogen/repeated_scalarts.pb.go:166.49,167.14 1 0
osdrv/protoquery/pkg/protogen/repeated_scalarts.pb.go:167.14,169.3 1 0
osdrv/protoquery/pkg/protogen/repeated_scalarts.pb.go:170.2,170.12 1 0
osdrv/protoquery/pkg/protogen/repeated_scalarts.pb.go:206.62,207.59 1 0
osdrv/protoquery/pkg/protogen/repeated_scalarts.pb.go:207.59,209.3 1 0
osdrv/protoquery/pkg/protogen/repeated_scalarts.pb.go:210.2,210.55 1 0
osdrv/protoquery/pkg/protogen/repeated_scalarts.pb.go:227.13,227.58 1 0
osdrv/protoquery/pkg/protogen/repeated_scalarts.pb.go:228.48,229.47 1 0
osdrv/protoquery/pkg/protogen/repeated_scalarts.pb.go:229.47,231.3 1 0
osdrv/protoquery/pkg/protogen/repeated_scalarts.pb.go:232.2,232.30 1 0
osdrv/protoquery/pkg/protogen/repeated_scalarts.pb.go:232.30,233.100 1 0
osdrv/protoquery/pkg/protogen/repeated_scalarts.pb.go:233.100,234.45 1 0
osdrv/protoquery/pkg/protogen/repeated_scalarts.pb.go:235.11,236.20 1 0
osdrv/protoquery/pkg/protogen/repeated_scalarts.pb.go:237.11,238.24 1 0
osdrv/protoquery/pkg/protogen/repeated_scalarts.pb.go:239.11,240.28 1 0
osdrv/protoquery/pkg/protogen/repeated_scalarts.pb.go:241.12,242.15 1 0
osdrv/protoquery/pkg/protogen/repeated_scalarts.pb.go:245.3,245.100 1 0
osdrv/protoquery/pkg/protogen/repeated_scalarts.pb.go:245.100,246.44 1 0
osdrv/protoquery/pkg/protogen/repeated_scalarts.pb.go:247.11,248.20 1 0
osdrv/protoquery/pkg/protogen/repeated_scalarts.pb.go:249.11,250.24 1 0
osdrv/protoquery/pkg/protogen/repeated_scalarts.pb.go:251.11,252.28 1 0
osdrv/protoquery/pkg/protogen/repeated_scalarts.pb.go:253.12,254.15 1 0
osdrv/protoquery/pkg/protogen/repeated_scalarts.pb.go:258.2,275.50 6 0
